{"src\\coverage\\lcov-report\\prettify.js":{"path":"src\\coverage\\lcov-report\\prettify.js","s":{"1":1,"2":1,"3":1,"4":1,"5":1,"6":1,"7":1,"8":1,"9":1,"10":1,"11":1,"12":1,"13":1,"14":1,"15":1,"16":1,"17":1,"18":1,"19":1,"20":1,"21":1,"22":1,"23":1,"24":1,"25":1,"26":1,"27":1,"28":1,"29":1,"30":1,"31":1,"32":19,"33":19,"34":19,"35":19,"36":99,"37":99,"38":24,"39":75,"40":11,"41":11,"42":11,"43":19,"44":1,"45":330,"46":330,"47":319,"48":11,"49":11,"50":11,"51":0,"52":11,"53":0,"54":11,"55":0,"56":11,"57":1,"58":440,"59":0,"60":440,"61":440,"62":11,"63":440,"64":1,"65":77,"66":77,"67":77,"68":77,"69":77,"70":231,"71":231,"72":0,"73":231,"74":231,"75":231,"76":99,"77":99,"78":132,"79":231,"80":231,"81":110,"82":0,"83":110,"84":66,"85":77,"86":407,"87":77,"88":77,"89":77,"90":297,"91":297,"92":22,"93":275,"94":77,"95":77,"96":0,"97":77,"98":77,"99":275,"100":275,"101":275,"102":165,"103":165,"104":165,"105":77,"106":77,"107":1,"108":202,"109":202,"110":202,"111":202,"112":2729,"113":2729,"114":44,"115":2685,"116":654,"117":654,"118":0,"119":202,"120":0,"121":0,"122":202,"123":2729,"124":2729,"125":44,"126":44,"127":44,"128":2685,"129":654,"130":654,"131":0,"132":202,"133":2729,"134":188,"135":202,"136":33,"137":495,"138":495,"139":495,"140":77,"141":418,"142":319,"143":22,"144":22,"145":202,"146":19,"147":19,"148":202,"149":202,"150":0,"151":202,"152":19,"153":1,"154":0,"155":0,"156":0,"157":0,"158":0,"159":0,"160":0,"161":0,"162":0,"163":0,"164":0,"165":1,"166":0,"167":0,"168":0,"169":0,"170":0,"171":0,"172":0,"173":0,"174":0,"175":0,"176":0,"177":0,"178":0,"179":0,"180":0,"181":0,"182":0,"183":0,"184":0,"185":0,"186":0,"187":0,"188":0,"189":1,"190":0,"191":0,"192":0,"193":0,"194":0,"195":1,"196":1,"197":0,"198":0,"199":0,"200":0,"201":0,"202":1,"203":19,"204":19,"205":19,"206":19,"207":19,"208":19,"209":19,"210":183,"211":183,"212":183,"213":44,"214":210,"215":183,"216":183,"217":183,"218":183,"219":183,"220":19,"221":19,"222":19,"223":19,"224":0,"225":0,"226":0,"227":0,"228":0,"229":0,"230":0,"231":0,"232":0,"233":0,"234":0,"235":0,"236":0,"237":0,"238":0,"239":0,"240":0,"241":0,"242":0,"243":0,"244":0,"245":0,"246":0,"247":0,"248":0,"249":0,"250":0,"251":0,"252":0,"253":0,"254":0,"255":0,"256":0,"257":0,"258":0,"259":0,"260":0,"261":0,"262":0,"263":0,"264":0,"265":0,"266":0,"267":0,"268":0,"269":19,"270":1,"271":11,"272":11,"273":2,"274":9,"275":4,"276":5,"277":11,"278":1,"279":11,"280":11,"281":8,"282":4,"283":1,"284":3,"285":4,"286":4,"287":11,"288":6,"289":6,"290":11,"291":5,"292":5,"293":11,"294":11,"295":2,"296":11,"297":11,"298":11,"299":11,"300":11,"301":11,"302":1,"303":1,"304":0,"305":0,"306":0,"307":0,"308":0,"309":0,"310":0,"311":0,"312":0,"313":0,"314":0,"315":0,"316":0,"317":1,"318":0,"319":0,"320":0,"321":0,"322":0,"323":0,"324":0,"325":0,"326":0,"327":0,"328":0,"329":0,"330":0,"331":0,"332":0,"333":0,"334":0,"335":0,"336":0,"337":0,"338":0,"339":0,"340":0,"341":0,"342":1,"343":0,"344":0,"345":0,"346":0,"347":1,"348":0,"349":0,"350":0,"351":0,"352":0,"353":0,"354":0,"355":0,"356":0,"357":0,"358":0,"359":0,"360":0,"361":0,"362":0,"363":0,"364":0,"365":0,"366":0,"367":0,"368":0,"369":0,"370":0,"371":0,"372":0,"373":0,"374":0,"375":0,"376":1,"377":0,"378":0,"379":0,"380":0,"381":0,"382":0,"383":0,"384":0,"385":0,"386":0,"387":0,"388":0,"389":0,"390":0,"391":0,"392":0,"393":0,"394":0,"395":0,"396":0,"397":0,"398":0,"399":0,"400":0,"401":0,"402":0,"403":0,"404":0,"405":0,"406":0,"407":0,"408":0,"409":0,"410":0,"411":0,"412":0,"413":0,"414":0,"415":0,"416":0,"417":0,"418":0,"419":0,"420":0,"421":0,"422":0,"423":0,"424":0,"425":0,"426":0,"427":0,"428":0,"429":0,"430":0,"431":0,"432":0,"433":1,"434":1,"435":19,"436":36,"437":36,"438":36,"439":0,"440":0,"441":1,"442":0,"443":0,"444":0,"445":1,"446":1,"447":1,"448":1,"449":1,"450":1,"451":1,"452":1,"453":1,"454":1,"455":1,"456":1,"457":1,"458":1,"459":1,"460":1,"461":0,"462":0,"463":0,"464":0,"465":0,"466":0,"467":0,"468":0,"469":0,"470":0,"471":0,"472":1,"473":0,"474":0,"475":0,"476":0,"477":0,"478":0,"479":0,"480":1,"481":1,"482":0,"483":0,"484":0,"485":0,"486":0,"487":0,"488":0,"489":0,"490":0,"491":0,"492":0,"493":0,"494":0,"495":0,"496":0,"497":1,"498":0,"499":0,"500":0,"501":0,"502":0,"503":0,"504":0,"505":0,"506":0,"507":0,"508":0,"509":0,"510":0,"511":0,"512":0,"513":0,"514":0,"515":0,"516":0,"517":0,"518":0,"519":0,"520":0,"521":0,"522":0,"523":0,"524":0,"525":0,"526":1,"527":1,"528":1,"529":1,"530":1,"531":1,"532":1},"b":{"1":[24,75],"2":[11,64],"3":[319,11],"4":[0,11],"5":[0,11],"6":[11,0],"7":[0,11],"8":[11,11],"9":[0,440],"10":[0,0],"11":[11,429],"12":[440,440,429,429],"13":[0,231],"14":[99,132],"15":[231,165],"16":[110,121],"17":[231,110],"18":[0,110],"19":[110,110],"20":[66,44],"21":[110,66],"22":[407,0],"23":[22,275],"24":[0,77],"25":[165,110],"26":[165,0],"27":[44,2685],"28":[654,2031],"29":[0,654],"30":[654,0],"31":[0,0],"32":[44,2685],"33":[44,0],"34":[654,2031],"35":[0,654],"36":[654,0],"37":[188,2541],"38":[2729,194],"39":[33,169],"40":[202,57],"41":[77,418],"42":[495,264],"43":[319,99],"44":[0,202],"45":[202,202],"46":[5,14],"47":[0,0],"48":[0,0],"49":[0,0],"50":[0,0,0],"51":[0,0],"52":[0,0],"53":[0,0],"54":[0,0],"55":[0,0],"56":[0,0],"57":[0,0],"58":[0,0],"59":[0,0],"60":[0,0],"61":[0,0],"62":[44,139],"63":[183,0],"64":[0,0],"65":[0,0],"66":[0,0],"67":[0,0],"68":[0,0],"69":[0,0],"70":[0,0],"71":[0,0],"72":[0,0],"73":[0,0],"74":[0,0],"75":[0,0],"76":[2,9],"77":[4,5],"78":[1,10],"79":[8,3],"80":[4,4],"81":[1,3],"82":[6,5],"83":[5,6],"84":[2,9],"85":[11,0],"86":[0,0],"87":[0,0],"88":[0,0],"89":[0,0,0],"90":[0,0],"91":[0,0],"92":[0,0],"93":[0,0],"94":[0,0],"95":[0,0],"96":[0,0],"97":[0,0],"98":[0,0],"99":[0,0],"100":[0,0],"101":[0,0],"102":[0,0],"103":[0,0],"104":[0,0],"105":[0,0],"106":[0,0],"107":[0,0],"108":[0,0],"109":[0,0],"110":[0,0],"111":[0,0],"112":[0,0],"113":[0,0],"114":[36,0],"115":[0,0],"116":[0,0],"117":[0,0],"118":[0,0],"119":[0,0],"120":[0,0],"121":[0,0],"122":[0,0],"123":[0,0],"124":[0,0],"125":[0,0],"126":[0,0],"127":[0,0],"128":[0,0,0],"129":[0,0],"130":[0,0],"131":[0,0,0,0,0],"132":[0,0],"133":[0,0],"134":[0,0],"135":[0,0],"136":[0,0],"137":[0,0],"138":[0,0]},"f":{"1":1,"2":19,"3":330,"4":440,"5":77,"6":407,"7":202,"8":22,"9":0,"10":0,"11":0,"12":0,"13":19,"14":19,"15":0,"16":11,"17":0,"18":0,"19":0,"20":0,"21":0,"22":19,"23":0,"24":0,"25":0,"26":0,"27":0,"28":0,"29":0},"fnMap":{"1":{"name":"(anonymous_1)","line":1,"loc":{"start":{"line":1,"column":40},"end":{"line":1,"column":50}}},"2":{"name":"k","line":1,"loc":{"start":{"line":1,"column":2524},"end":{"line":1,"column":2537}}},"3":{"name":"ab","line":1,"loc":{"start":{"line":1,"column":2790},"end":{"line":1,"column":2805}}},"4":{"name":"T","line":1,"loc":{"start":{"line":1,"column":3055},"end":{"line":1,"column":3069}}},"5":{"name":"X","line":1,"loc":{"start":{"line":1,"column":3219},"end":{"line":1,"column":3233}}},"6":{"name":"(anonymous_6)","line":1,"loc":{"start":{"line":1,"column":3804},"end":{"line":1,"column":3819}}},"7":{"name":"W","line":1,"loc":{"start":{"line":1,"column":4214},"end":{"line":1,"column":4228}}},"8":{"name":"(anonymous_8)","line":1,"loc":{"start":{"line":1,"column":5088},"end":{"line":1,"column":5100}}},"9":{"name":"a","line":1,"loc":{"start":{"line":1,"column":5371},"end":{"line":1,"column":5384}}},"10":{"name":"aa","line":1,"loc":{"start":{"line":1,"column":5651},"end":{"line":1,"column":5666}}},"11":{"name":"B","line":1,"loc":{"start":{"line":1,"column":6108},"end":{"line":1,"column":6127}}},"12":{"name":"o","line":1,"loc":{"start":{"line":1,"column":6219},"end":{"line":1,"column":6232}}},"13":{"name":"g","line":1,"loc":{"start":{"line":1,"column":6387},"end":{"line":1,"column":6402}}},"14":{"name":"(anonymous_14)","line":1,"loc":{"start":{"line":1,"column":6419},"end":{"line":1,"column":6429}}},"15":{"name":"(anonymous_15)","line":1,"loc":{"start":{"line":1,"column":6721},"end":{"line":1,"column":6733}}},"16":{"name":"i","line":1,"loc":{"start":{"line":1,"column":7520},"end":{"line":1,"column":7533}}},"17":{"name":"Q","line":1,"loc":{"start":{"line":1,"column":9372},"end":{"line":1,"column":9388}}},"18":{"name":"ae","line":1,"loc":{"start":{"line":1,"column":9746},"end":{"line":1,"column":9761}}},"19":{"name":"ad","line":1,"loc":{"start":{"line":1,"column":10259},"end":{"line":1,"column":10274}}},"20":{"name":"ai","line":1,"loc":{"start":{"line":1,"column":10331},"end":{"line":1,"column":10349}}},"21":{"name":"D","line":1,"loc":{"start":{"line":1,"column":10969},"end":{"line":1,"column":10983}}},"22":{"name":"c","line":1,"loc":{"start":{"line":1,"column":11902},"end":{"line":1,"column":11917}}},"23":{"name":"q","line":1,"loc":{"start":{"line":1,"column":12070},"end":{"line":1,"column":12085}}},"24":{"name":"d","line":1,"loc":{"start":{"line":1,"column":14060},"end":{"line":1,"column":14073}}},"25":{"name":"y","line":1,"loc":{"start":{"line":1,"column":14268},"end":{"line":1,"column":14285}}},"26":{"name":"b","line":1,"loc":{"start":{"line":1,"column":14424},"end":{"line":1,"column":14438}}},"27":{"name":"Y","line":1,"loc":{"start":{"line":1,"column":14439},"end":{"line":1,"column":14453}}},"28":{"name":"(anonymous_28)","line":1,"loc":{"start":{"line":1,"column":14666},"end":{"line":1,"column":14676}}},"29":{"name":"U","line":1,"loc":{"start":{"line":1,"column":14777},"end":{"line":1,"column":14789}}}},"statementMap":{"1":{"start":{"line":1,"column":0},"end":{"line":1,"column":39}},"2":{"start":{"line":1,"column":39},"end":{"line":1,"column":15785}},"3":{"start":{"line":1,"column":51},"end":{"line":1,"column":104}},"4":{"start":{"line":1,"column":104},"end":{"line":1,"column":271}},"5":{"start":{"line":1,"column":271},"end":{"line":1,"column":380}},"6":{"start":{"line":1,"column":380},"end":{"line":1,"column":645}},"7":{"start":{"line":1,"column":645},"end":{"line":1,"column":795}},"8":{"start":{"line":1,"column":795},"end":{"line":1,"column":1070}},"9":{"start":{"line":1,"column":1070},"end":{"line":1,"column":1235}},"10":{"start":{"line":1,"column":1235},"end":{"line":1,"column":1322}},"11":{"start":{"line":1,"column":1322},"end":{"line":1,"column":1505}},"12":{"start":{"line":1,"column":1505},"end":{"line":1,"column":1666}},"13":{"start":{"line":1,"column":1666},"end":{"line":1,"column":1845}},"14":{"start":{"line":1,"column":1845},"end":{"line":1,"column":1918}},"15":{"start":{"line":1,"column":1918},"end":{"line":1,"column":1940}},"16":{"start":{"line":1,"column":1940},"end":{"line":1,"column":2059}},"17":{"start":{"line":1,"column":2059},"end":{"line":1,"column":2071}},"18":{"start":{"line":1,"column":2071},"end":{"line":1,"column":2083}},"19":{"start":{"line":1,"column":2083},"end":{"line":1,"column":2095}},"20":{"start":{"line":1,"column":2095},"end":{"line":1,"column":2107}},"21":{"start":{"line":1,"column":2107},"end":{"line":1,"column":2119}},"22":{"start":{"line":1,"column":2119},"end":{"line":1,"column":2131}},"23":{"start":{"line":1,"column":2131},"end":{"line":1,"column":2143}},"24":{"start":{"line":1,"column":2143},"end":{"line":1,"column":2155}},"25":{"start":{"line":1,"column":2155},"end":{"line":1,"column":2167}},"26":{"start":{"line":1,"column":2167},"end":{"line":1,"column":2179}},"27":{"start":{"line":1,"column":2179},"end":{"line":1,"column":2191}},"28":{"start":{"line":1,"column":2191},"end":{"line":1,"column":2203}},"29":{"start":{"line":1,"column":2203},"end":{"line":1,"column":2218}},"30":{"start":{"line":1,"column":2218},"end":{"line":1,"column":2524}},"31":{"start":{"line":1,"column":2524},"end":{"line":1,"column":5371}},"32":{"start":{"line":1,"column":2538},"end":{"line":1,"column":2547}},"33":{"start":{"line":1,"column":2547},"end":{"line":1,"column":2559}},"34":{"start":{"line":1,"column":2559},"end":{"line":1,"column":2572}},"35":{"start":{"line":1,"column":2572},"end":{"line":1,"column":2754}},"36":{"start":{"line":1,"column":2604},"end":{"line":1,"column":2616}},"37":{"start":{"line":1,"column":2616},"end":{"line":1,"column":2753}},"38":{"start":{"line":1,"column":2634},"end":{"line":1,"column":2641}},"39":{"start":{"line":1,"column":2647},"end":{"line":1,"column":2752}},"40":{"start":{"line":1,"column":2730},"end":{"line":1,"column":2737}},"41":{"start":{"line":1,"column":2737},"end":{"line":1,"column":2746}},"42":{"start":{"line":1,"column":2746},"end":{"line":1,"column":2751}},"43":{"start":{"line":1,"column":2754},"end":{"line":1,"column":2790}},"44":{"start":{"line":1,"column":2790},"end":{"line":1,"column":3055}},"45":{"start":{"line":1,"column":2806},"end":{"line":1,"column":2830}},"46":{"start":{"line":1,"column":2830},"end":{"line":1,"column":2852}},"47":{"start":{"line":1,"column":2842},"end":{"line":1,"column":2851}},"48":{"start":{"line":1,"column":2852},"end":{"line":1,"column":2872}},"49":{"start":{"line":1,"column":2872},"end":{"line":1,"column":2881}},"50":{"start":{"line":1,"column":2881},"end":{"line":1,"column":3054}},"51":{"start":{"line":1,"column":2888},"end":{"line":1,"column":2897}},"52":{"start":{"line":1,"column":2903},"end":{"line":1,"column":3053}},"53":{"start":{"line":1,"column":2924},"end":{"line":1,"column":2958}},"54":{"start":{"line":1,"column":2964},"end":{"line":1,"column":3052}},"55":{"start":{"line":1,"column":2987},"end":{"line":1,"column":3022}},"56":{"start":{"line":1,"column":3028},"end":{"line":1,"column":3051}},"57":{"start":{"line":1,"column":3055},"end":{"line":1,"column":3219}},"58":{"start":{"line":1,"column":3070},"end":{"line":1,"column":3123}},"59":{"start":{"line":1,"column":3080},"end":{"line":1,"column":3122}},"60":{"start":{"line":1,"column":3123},"end":{"line":1,"column":3154}},"61":{"start":{"line":1,"column":3154},"end":{"line":1,"column":3209}},"62":{"start":{"line":1,"column":3198},"end":{"line":1,"column":3208}},"63":{"start":{"line":1,"column":3209},"end":{"line":1,"column":3218}},"64":{"start":{"line":1,"column":3219},"end":{"line":1,"column":4214}},"65":{"start":{"line":1,"column":3234},"end":{"line":1,"column":3393}},"66":{"start":{"line":1,"column":3393},"end":{"line":1,"column":3403}},"67":{"start":{"line":1,"column":3403},"end":{"line":1,"column":3413}},"68":{"start":{"line":1,"column":3413},"end":{"line":1,"column":3432}},"69":{"start":{"line":1,"column":3432},"end":{"line":1,"column":3796}},"70":{"start":{"line":1,"column":3475},"end":{"line":1,"column":3489}},"71":{"start":{"line":1,"column":3489},"end":{"line":1,"column":3795}},"72":{"start":{"line":1,"column":3514},"end":{"line":1,"column":3525}},"73":{"start":{"line":1,"column":3531},"end":{"line":1,"column":3545}},"74":{"start":{"line":1,"column":3545},"end":{"line":1,"column":3552}},"75":{"start":{"line":1,"column":3552},"end":{"line":1,"column":3613}},"76":{"start":{"line":1,"column":3580},"end":{"line":1,"column":3596}},"77":{"start":{"line":1,"column":3596},"end":{"line":1,"column":3601}},"78":{"start":{"line":1,"column":3607},"end":{"line":1,"column":3612}},"79":{"start":{"line":1,"column":3613},"end":{"line":1,"column":3630}},"80":{"start":{"line":1,"column":3630},"end":{"line":1,"column":3794}},"81":{"start":{"line":1,"column":3651},"end":{"line":1,"column":3720}},"82":{"start":{"line":1,"column":3671},"end":{"line":1,"column":3719}},"83":{"start":{"line":1,"column":3720},"end":{"line":1,"column":3793}},"84":{"start":{"line":1,"column":3741},"end":{"line":1,"column":3792}},"85":{"start":{"line":1,"column":3796},"end":{"line":1,"column":3857}},"86":{"start":{"line":1,"column":3820},"end":{"line":1,"column":3854}},"87":{"start":{"line":1,"column":3857},"end":{"line":1,"column":3867}},"88":{"start":{"line":1,"column":3867},"end":{"line":1,"column":3884}},"89":{"start":{"line":1,"column":3884},"end":{"line":1,"column":3998}},"90":{"start":{"line":1,"column":3916},"end":{"line":1,"column":3930}},"91":{"start":{"line":1,"column":3930},"end":{"line":1,"column":3997}},"92":{"start":{"line":1,"column":3949},"end":{"line":1,"column":3976}},"93":{"start":{"line":1,"column":3982},"end":{"line":1,"column":3996}},"94":{"start":{"line":1,"column":3998},"end":{"line":1,"column":4011}},"95":{"start":{"line":1,"column":4011},"end":{"line":1,"column":4031}},"96":{"start":{"line":1,"column":4018},"end":{"line":1,"column":4030}},"97":{"start":{"line":1,"column":4031},"end":{"line":1,"column":4052}},"98":{"start":{"line":1,"column":4052},"end":{"line":1,"column":4182}},"99":{"start":{"line":1,"column":4084},"end":{"line":1,"column":4098}},"100":{"start":{"line":1,"column":4098},"end":{"line":1,"column":4116}},"101":{"start":{"line":1,"column":4116},"end":{"line":1,"column":4181}},"102":{"start":{"line":1,"column":4132},"end":{"line":1,"column":4163}},"103":{"start":{"line":1,"column":4150},"end":{"line":1,"column":4162}},"104":{"start":{"line":1,"column":4163},"end":{"line":1,"column":4180}},"105":{"start":{"line":1,"column":4182},"end":{"line":1,"column":4195}},"106":{"start":{"line":1,"column":4195},"end":{"line":1,"column":4213}},"107":{"start":{"line":1,"column":4214},"end":{"line":1,"column":5197}},"108":{"start":{"line":1,"column":4229},"end":{"line":1,"column":4425}},"109":{"start":{"line":1,"column":4425},"end":{"line":1,"column":4442}},"110":{"start":{"line":1,"column":4442},"end":{"line":1,"column":4452}},"111":{"start":{"line":1,"column":4452},"end":{"line":1,"column":4595}},"112":{"start":{"line":1,"column":4482},"end":{"line":1,"column":4496}},"113":{"start":{"line":1,"column":4496},"end":{"line":1,"column":4594}},"114":{"start":{"line":1,"column":4509},"end":{"line":1,"column":4513}},"115":{"start":{"line":1,"column":4519},"end":{"line":1,"column":4593}},"116":{"start":{"line":1,"column":4543},"end":{"line":1,"column":4567}},"117":{"start":{"line":1,"column":4567},"end":{"line":1,"column":4592}},"118":{"start":{"line":1,"column":4582},"end":{"line":1,"column":4591}},"119":{"start":{"line":1,"column":4595},"end":{"line":1,"column":4656}},"120":{"start":{"line":1,"column":4627},"end":{"line":1,"column":4655}},"121":{"start":{"line":1,"column":4643},"end":{"line":1,"column":4654}},"122":{"start":{"line":1,"column":4656},"end":{"line":1,"column":4845}},"123":{"start":{"line":1,"column":4686},"end":{"line":1,"column":4700}},"124":{"start":{"line":1,"column":4700},"end":{"line":1,"column":4844}},"125":{"start":{"line":1,"column":4713},"end":{"line":1,"column":4718}},"126":{"start":{"line":1,"column":4718},"end":{"line":1,"column":4754}},"127":{"start":{"line":1,"column":4741},"end":{"line":1,"column":4753}},"128":{"start":{"line":1,"column":4760},"end":{"line":1,"column":4843}},"129":{"start":{"line":1,"column":4784},"end":{"line":1,"column":4808}},"130":{"start":{"line":1,"column":4808},"end":{"line":1,"column":4842}},"131":{"start":{"line":1,"column":4823},"end":{"line":1,"column":4841}},"132":{"start":{"line":1,"column":4845},"end":{"line":1,"column":4919}},"133":{"start":{"line":1,"column":4875},"end":{"line":1,"column":4918}},"134":{"start":{"line":1,"column":4908},"end":{"line":1,"column":4917}},"135":{"start":{"line":1,"column":4919},"end":{"line":1,"column":5178}},"136":{"start":{"line":1,"column":4940},"end":{"line":1,"column":5177}},"137":{"start":{"line":1,"column":4965},"end":{"line":1,"column":4979}},"138":{"start":{"line":1,"column":4979},"end":{"line":1,"column":4999}},"139":{"start":{"line":1,"column":4999},"end":{"line":1,"column":5176}},"140":{"start":{"line":1,"column":5026},"end":{"line":1,"column":5038}},"141":{"start":{"line":1,"column":5044},"end":{"line":1,"column":5175}},"142":{"start":{"line":1,"column":5058},"end":{"line":1,"column":5174}},"143":{"start":{"line":1,"column":5101},"end":{"line":1,"column":5125}},"144":{"start":{"line":1,"column":5125},"end":{"line":1,"column":5172}},"145":{"start":{"line":1,"column":5178},"end":{"line":1,"column":5196}},"146":{"start":{"line":1,"column":5197},"end":{"line":1,"column":5207}},"147":{"start":{"line":1,"column":5207},"end":{"line":1,"column":5327}},"148":{"start":{"line":1,"column":5239},"end":{"line":1,"column":5251}},"149":{"start":{"line":1,"column":5251},"end":{"line":1,"column":5302}},"150":{"start":{"line":1,"column":5279},"end":{"line":1,"column":5301}},"151":{"start":{"line":1,"column":5302},"end":{"line":1,"column":5326}},"152":{"start":{"line":1,"column":5327},"end":{"line":1,"column":5370}},"153":{"start":{"line":1,"column":5371},"end":{"line":1,"column":6108}},"154":{"start":{"line":1,"column":5385},"end":{"line":1,"column":5416}},"155":{"start":{"line":1,"column":5416},"end":{"line":1,"column":5425}},"156":{"start":{"line":1,"column":5425},"end":{"line":1,"column":5433}},"157":{"start":{"line":1,"column":5433},"end":{"line":1,"column":5442}},"158":{"start":{"line":1,"column":5442},"end":{"line":1,"column":5450}},"159":{"start":{"line":1,"column":5450},"end":{"line":1,"column":5456}},"160":{"start":{"line":1,"column":5456},"end":{"line":1,"column":5617}},"161":{"start":{"line":1,"column":5475},"end":{"line":1,"column":5502}},"162":{"start":{"line":1,"column":5508},"end":{"line":1,"column":5616}},"163":{"start":{"line":1,"column":5536},"end":{"line":1,"column":5615}},"164":{"start":{"line":1,"column":5617},"end":{"line":1,"column":5651}},"165":{"start":{"line":1,"column":5651},"end":{"line":1,"column":6046}},"166":{"start":{"line":1,"column":5667},"end":{"line":1,"column":6045}},"167":{"start":{"line":1,"column":5694},"end":{"line":1,"column":5726}},"168":{"start":{"line":1,"column":5719},"end":{"line":1,"column":5725}},"169":{"start":{"line":1,"column":5726},"end":{"line":1,"column":5780}},"170":{"start":{"line":1,"column":5773},"end":{"line":1,"column":5779}},"171":{"start":{"line":1,"column":5780},"end":{"line":1,"column":5799}},"172":{"start":{"line":1,"column":5799},"end":{"line":1,"column":5863}},"173":{"start":{"line":1,"column":5824},"end":{"line":1,"column":5834}},"174":{"start":{"line":1,"column":5834},"end":{"line":1,"column":5846}},"175":{"start":{"line":1,"column":5846},"end":{"line":1,"column":5862}},"176":{"start":{"line":1,"column":5863},"end":{"line":1,"column":5869}},"177":{"start":{"line":1,"column":5883},"end":{"line":1,"column":5903}},"178":{"start":{"line":1,"column":5903},"end":{"line":1,"column":6039}},"179":{"start":{"line":1,"column":5917},"end":{"line":1,"column":5991}},"180":{"start":{"line":1,"column":5924},"end":{"line":1,"column":5956}},"181":{"start":{"line":1,"column":5962},"end":{"line":1,"column":5990}},"182":{"start":{"line":1,"column":5991},"end":{"line":1,"column":5999}},"183":{"start":{"line":1,"column":5999},"end":{"line":1,"column":6009}},"184":{"start":{"line":1,"column":6009},"end":{"line":1,"column":6022}},"185":{"start":{"line":1,"column":6022},"end":{"line":1,"column":6038}},"186":{"start":{"line":1,"column":6039},"end":{"line":1,"column":6044}},"187":{"start":{"line":1,"column":6046},"end":{"line":1,"column":6052}},"188":{"start":{"line":1,"column":6052},"end":{"line":1,"column":6107}},"189":{"start":{"line":1,"column":6108},"end":{"line":1,"column":6208}},"190":{"start":{"line":1,"column":6128},"end":{"line":1,"column":6142}},"191":{"start":{"line":1,"column":6135},"end":{"line":1,"column":6141}},"192":{"start":{"line":1,"column":6142},"end":{"line":1,"column":6173}},"193":{"start":{"line":1,"column":6173},"end":{"line":1,"column":6178}},"194":{"start":{"line":1,"column":6178},"end":{"line":1,"column":6207}},"195":{"start":{"line":1,"column":6208},"end":{"line":1,"column":6219}},"196":{"start":{"line":1,"column":6219},"end":{"line":1,"column":6387}},"197":{"start":{"line":1,"column":6233},"end":{"line":1,"column":6249}},"198":{"start":{"line":1,"column":6249},"end":{"line":1,"column":6362}},"199":{"start":{"line":1,"column":6291},"end":{"line":1,"column":6308}},"200":{"start":{"line":1,"column":6308},"end":{"line":1,"column":6361}},"201":{"start":{"line":1,"column":6362},"end":{"line":1,"column":6386}},"202":{"start":{"line":1,"column":6387},"end":{"line":1,"column":7520}},"203":{"start":{"line":1,"column":6403},"end":{"line":1,"column":6412}},"204":{"start":{"line":1,"column":6412},"end":{"line":1,"column":6418}},"205":{"start":{"line":1,"column":6418},"end":{"line":1,"column":6700}},"206":{"start":{"line":1,"column":6430},"end":{"line":1,"column":6449}},"207":{"start":{"line":1,"column":6449},"end":{"line":1,"column":6459}},"208":{"start":{"line":1,"column":6459},"end":{"line":1,"column":6469}},"209":{"start":{"line":1,"column":6469},"end":{"line":1,"column":6665}},"210":{"start":{"line":1,"column":6505},"end":{"line":1,"column":6518}},"211":{"start":{"line":1,"column":6518},"end":{"line":1,"column":6530}},"212":{"start":{"line":1,"column":6530},"end":{"line":1,"column":6588}},"213":{"start":{"line":1,"column":6537},"end":{"line":1,"column":6587}},"214":{"start":{"line":1,"column":6568},"end":{"line":1,"column":6586}},"215":{"start":{"line":1,"column":6588},"end":{"line":1,"column":6600}},"216":{"start":{"line":1,"column":6600},"end":{"line":1,"column":6613}},"217":{"start":{"line":1,"column":6613},"end":{"line":1,"column":6664}},"218":{"start":{"line":1,"column":6640},"end":{"line":1,"column":6652}},"219":{"start":{"line":1,"column":6652},"end":{"line":1,"column":6663}},"220":{"start":{"line":1,"column":6665},"end":{"line":1,"column":6688}},"221":{"start":{"line":1,"column":6688},"end":{"line":1,"column":6695}},"222":{"start":{"line":1,"column":6700},"end":{"line":1,"column":6715}},"223":{"start":{"line":1,"column":6715},"end":{"line":1,"column":7511}},"224":{"start":{"line":1,"column":6734},"end":{"line":1,"column":6767}},"225":{"start":{"line":1,"column":6767},"end":{"line":1,"column":6780}},"226":{"start":{"line":1,"column":6780},"end":{"line":1,"column":6789}},"227":{"start":{"line":1,"column":6789},"end":{"line":1,"column":6811}},"228":{"start":{"line":1,"column":6811},"end":{"line":1,"column":6821}},"229":{"start":{"line":1,"column":6821},"end":{"line":1,"column":7492}},"230":{"start":{"line":1,"column":6859},"end":{"line":1,"column":6873}},"231":{"start":{"line":1,"column":6873},"end":{"line":1,"column":6887}},"232":{"start":{"line":1,"column":6887},"end":{"line":1,"column":6901}},"233":{"start":{"line":1,"column":6901},"end":{"line":1,"column":6908}},"234":{"start":{"line":1,"column":6908},"end":{"line":1,"column":7216}},"235":{"start":{"line":1,"column":6933},"end":{"line":1,"column":6941}},"236":{"start":{"line":1,"column":6947},"end":{"line":1,"column":6970}},"237":{"start":{"line":1,"column":6970},"end":{"line":1,"column":7099}},"238":{"start":{"line":1,"column":6977},"end":{"line":1,"column":6996}},"239":{"start":{"line":1,"column":6996},"end":{"line":1,"column":7004}},"240":{"start":{"line":1,"column":7010},"end":{"line":1,"column":7085}},"241":{"start":{"line":1,"column":7034},"end":{"line":1,"column":7043}},"242":{"start":{"line":1,"column":7043},"end":{"line":1,"column":7062}},"243":{"start":{"line":1,"column":7062},"end":{"line":1,"column":7084}},"244":{"start":{"line":1,"column":7069},"end":{"line":1,"column":7078}},"245":{"start":{"line":1,"column":7078},"end":{"line":1,"column":7083}},"246":{"start":{"line":1,"column":7085},"end":{"line":1,"column":7098}},"247":{"start":{"line":1,"column":7093},"end":{"line":1,"column":7097}},"248":{"start":{"line":1,"column":7099},"end":{"line":1,"column":7144}},"249":{"start":{"line":1,"column":7144},"end":{"line":1,"column":7197}},"250":{"start":{"line":1,"column":7183},"end":{"line":1,"column":7192}},"251":{"start":{"line":1,"column":7192},"end":{"line":1,"column":7196}},"252":{"start":{"line":1,"column":7197},"end":{"line":1,"column":7215}},"253":{"start":{"line":1,"column":7205},"end":{"line":1,"column":7214}},"254":{"start":{"line":1,"column":7216},"end":{"line":1,"column":7226}},"255":{"start":{"line":1,"column":7226},"end":{"line":1,"column":7240}},"256":{"start":{"line":1,"column":7240},"end":{"line":1,"column":7491}},"257":{"start":{"line":1,"column":7248},"end":{"line":1,"column":7264}},"258":{"start":{"line":1,"column":7270},"end":{"line":1,"column":7283}},"259":{"start":{"line":1,"column":7283},"end":{"line":1,"column":7305}},"260":{"start":{"line":1,"column":7305},"end":{"line":1,"column":7325}},"261":{"start":{"line":1,"column":7325},"end":{"line":1,"column":7377}},"262":{"start":{"line":1,"column":7335},"end":{"line":1,"column":7361}},"263":{"start":{"line":1,"column":7361},"end":{"line":1,"column":7376}},"264":{"start":{"line":1,"column":7377},"end":{"line":1,"column":7400}},"265":{"start":{"line":1,"column":7400},"end":{"line":1,"column":7432}},"266":{"start":{"line":1,"column":7432},"end":{"line":1,"column":7458}},"267":{"start":{"line":1,"column":7458},"end":{"line":1,"column":7490}},"268":{"start":{"line":1,"column":7492},"end":{"line":1,"column":7509}},"269":{"start":{"line":1,"column":7511},"end":{"line":1,"column":7519}},"270":{"start":{"line":1,"column":7520},"end":{"line":1,"column":9271}},"271":{"start":{"line":1,"column":7534},"end":{"line":1,"column":7548}},"272":{"start":{"line":1,"column":7548},"end":{"line":1,"column":8035}},"273":{"start":{"line":1,"column":7574},"end":{"line":1,"column":7781}},"274":{"start":{"line":1,"column":7787},"end":{"line":1,"column":8034}},"275":{"start":{"line":1,"column":7810},"end":{"line":1,"column":7936}},"276":{"start":{"line":1,"column":7942},"end":{"line":1,"column":8033}},"277":{"start":{"line":1,"column":8035},"end":{"line":1,"column":8104}},"278":{"start":{"line":1,"column":8057},"end":{"line":1,"column":8103}},"279":{"start":{"line":1,"column":8104},"end":{"line":1,"column":8125}},"280":{"start":{"line":1,"column":8125},"end":{"line":1,"column":8474}},"281":{"start":{"line":1,"column":8131},"end":{"line":1,"column":8473}},"282":{"start":{"line":1,"column":8152},"end":{"line":1,"column":8346}},"283":{"start":{"line":1,"column":8160},"end":{"line":1,"column":8220}},"284":{"start":{"line":1,"column":8226},"end":{"line":1,"column":8345}},"285":{"start":{"line":1,"column":8346},"end":{"line":1,"column":8433}},"286":{"start":{"line":1,"column":8439},"end":{"line":1,"column":8472}},"287":{"start":{"line":1,"column":8474},"end":{"line":1,"column":8571}},"288":{"start":{"line":1,"column":8495},"end":{"line":1,"column":8528}},"289":{"start":{"line":1,"column":8528},"end":{"line":1,"column":8570}},"290":{"start":{"line":1,"column":8571},"end":{"line":1,"column":8746}},"291":{"start":{"line":1,"column":8591},"end":{"line":1,"column":8695}},"292":{"start":{"line":1,"column":8695},"end":{"line":1,"column":8745}},"293":{"start":{"line":1,"column":8746},"end":{"line":1,"column":8760}},"294":{"start":{"line":1,"column":8760},"end":{"line":1,"column":8780}},"295":{"start":{"line":1,"column":8766},"end":{"line":1,"column":8779}},"296":{"start":{"line":1,"column":8780},"end":{"line":1,"column":8823}},"297":{"start":{"line":1,"column":8823},"end":{"line":1,"column":8904}},"298":{"start":{"line":1,"column":8836},"end":{"line":1,"column":8903}},"299":{"start":{"line":1,"column":8904},"end":{"line":1,"column":8942}},"300":{"start":{"line":1,"column":8942},"end":{"line":1,"column":9257}},"301":{"start":{"line":1,"column":9257},"end":{"line":1,"column":9270}},"302":{"start":{"line":1,"column":9271},"end":{"line":1,"column":9372}},"303":{"start":{"line":1,"column":9372},"end":{"line":1,"column":10969}},"304":{"start":{"line":1,"column":9389},"end":{"line":1,"column":9420}},"305":{"start":{"line":1,"column":9420},"end":{"line":1,"column":9438}},"306":{"start":{"line":1,"column":9438},"end":{"line":1,"column":9461}},"307":{"start":{"line":1,"column":9461},"end":{"line":1,"column":9467}},"308":{"start":{"line":1,"column":9467},"end":{"line":1,"column":9622}},"309":{"start":{"line":1,"column":9486},"end":{"line":1,"column":9513}},"310":{"start":{"line":1,"column":9519},"end":{"line":1,"column":9621}},"311":{"start":{"line":1,"column":9547},"end":{"line":1,"column":9620}},"312":{"start":{"line":1,"column":9622},"end":{"line":1,"column":9656}},"313":{"start":{"line":1,"column":9656},"end":{"line":1,"column":9686}},"314":{"start":{"line":1,"column":9686},"end":{"line":1,"column":9735}},"315":{"start":{"line":1,"column":9706},"end":{"line":1,"column":9734}},"316":{"start":{"line":1,"column":9735},"end":{"line":1,"column":9746}},"317":{"start":{"line":1,"column":9746},"end":{"line":1,"column":10259}},"318":{"start":{"line":1,"column":9762},"end":{"line":1,"column":10258}},"319":{"start":{"line":1,"column":9789},"end":{"line":1,"column":9820}},"320":{"start":{"line":1,"column":9814},"end":{"line":1,"column":9819}},"321":{"start":{"line":1,"column":9820},"end":{"line":1,"column":9959}},"322":{"start":{"line":1,"column":9843},"end":{"line":1,"column":9850}},"323":{"start":{"line":1,"column":9850},"end":{"line":1,"column":9898}},"324":{"start":{"line":1,"column":9868},"end":{"line":1,"column":9897}},"325":{"start":{"line":1,"column":9904},"end":{"line":1,"column":9958}},"326":{"start":{"line":1,"column":9951},"end":{"line":1,"column":9957}},"327":{"start":{"line":1,"column":9959},"end":{"line":1,"column":9965}},"328":{"start":{"line":1,"column":9979},"end":{"line":1,"column":10252}},"329":{"start":{"line":1,"column":9985},"end":{"line":1,"column":10005}},"330":{"start":{"line":1,"column":10005},"end":{"line":1,"column":10025}},"331":{"start":{"line":1,"column":10025},"end":{"line":1,"column":10251}},"332":{"start":{"line":1,"column":10032},"end":{"line":1,"column":10064}},"333":{"start":{"line":1,"column":10064},"end":{"line":1,"column":10080}},"334":{"start":{"line":1,"column":10080},"end":{"line":1,"column":10123}},"335":{"start":{"line":1,"column":10123},"end":{"line":1,"column":10205}},"336":{"start":{"line":1,"column":10130},"end":{"line":1,"column":10151}},"337":{"start":{"line":1,"column":10151},"end":{"line":1,"column":10204}},"338":{"start":{"line":1,"column":10205},"end":{"line":1,"column":10212}},"339":{"start":{"line":1,"column":10212},"end":{"line":1,"column":10250}},"340":{"start":{"line":1,"column":10220},"end":{"line":1,"column":10249}},"341":{"start":{"line":1,"column":10252},"end":{"line":1,"column":10257}},"342":{"start":{"line":1,"column":10259},"end":{"line":1,"column":10634}},"343":{"start":{"line":1,"column":10275},"end":{"line":1,"column":10331}},"344":{"start":{"line":1,"column":10298},"end":{"line":1,"column":10315}},"345":{"start":{"line":1,"column":10315},"end":{"line":1,"column":10330}},"346":{"start":{"line":1,"column":10323},"end":{"line":1,"column":10329}},"347":{"start":{"line":1,"column":10331},"end":{"line":1,"column":10540}},"348":{"start":{"line":1,"column":10350},"end":{"line":1,"column":10383}},"349":{"start":{"line":1,"column":10383},"end":{"line":1,"column":10404}},"350":{"start":{"line":1,"column":10404},"end":{"line":1,"column":10530}},"351":{"start":{"line":1,"column":10411},"end":{"line":1,"column":10427}},"352":{"start":{"line":1,"column":10427},"end":{"line":1,"column":10449}},"353":{"start":{"line":1,"column":10449},"end":{"line":1,"column":10468}},"354":{"start":{"line":1,"column":10468},"end":{"line":1,"column":10529}},"355":{"start":{"line":1,"column":10492},"end":{"line":1,"column":10510}},"356":{"start":{"line":1,"column":10510},"end":{"line":1,"column":10528}},"357":{"start":{"line":1,"column":10530},"end":{"line":1,"column":10539}},"358":{"start":{"line":1,"column":10540},"end":{"line":1,"column":10568}},"359":{"start":{"line":1,"column":10568},"end":{"line":1,"column":10623}},"360":{"start":{"line":1,"column":10617},"end":{"line":1,"column":10622}},"361":{"start":{"line":1,"column":10623},"end":{"line":1,"column":10633}},"362":{"start":{"line":1,"column":10634},"end":{"line":1,"column":10671}},"363":{"start":{"line":1,"column":10662},"end":{"line":1,"column":10670}},"364":{"start":{"line":1,"column":10671},"end":{"line":1,"column":10717}},"365":{"start":{"line":1,"column":10687},"end":{"line":1,"column":10716}},"366":{"start":{"line":1,"column":10717},"end":{"line":1,"column":10747}},"367":{"start":{"line":1,"column":10747},"end":{"line":1,"column":10771}},"368":{"start":{"line":1,"column":10771},"end":{"line":1,"column":10803}},"369":{"start":{"line":1,"column":10803},"end":{"line":1,"column":10951}},"370":{"start":{"line":1,"column":10835},"end":{"line":1,"column":10843}},"371":{"start":{"line":1,"column":10843},"end":{"line":1,"column":10871}},"372":{"start":{"line":1,"column":10871},"end":{"line":1,"column":10932}},"373":{"start":{"line":1,"column":10890},"end":{"line":1,"column":10931}},"374":{"start":{"line":1,"column":10932},"end":{"line":1,"column":10950}},"375":{"start":{"line":1,"column":10951},"end":{"line":1,"column":10968}},"376":{"start":{"line":1,"column":10969},"end":{"line":1,"column":11893}},"377":{"start":{"line":1,"column":10984},"end":{"line":1,"column":11028}},"378":{"start":{"line":1,"column":11028},"end":{"line":1,"column":11041}},"379":{"start":{"line":1,"column":11041},"end":{"line":1,"column":11062}},"380":{"start":{"line":1,"column":11062},"end":{"line":1,"column":11079}},"381":{"start":{"line":1,"column":11079},"end":{"line":1,"column":11087}},"382":{"start":{"line":1,"column":11087},"end":{"line":1,"column":11103}},"383":{"start":{"line":1,"column":11103},"end":{"line":1,"column":11119}},"384":{"start":{"line":1,"column":11119},"end":{"line":1,"column":11128}},"385":{"start":{"line":1,"column":11128},"end":{"line":1,"column":11149}},"386":{"start":{"line":1,"column":11149},"end":{"line":1,"column":11164}},"387":{"start":{"line":1,"column":11164},"end":{"line":1,"column":11172}},"388":{"start":{"line":1,"column":11172},"end":{"line":1,"column":11180}},"389":{"start":{"line":1,"column":11180},"end":{"line":1,"column":11190}},"390":{"start":{"line":1,"column":11190},"end":{"line":1,"column":11273}},"391":{"start":{"line":1,"column":11209},"end":{"line":1,"column":11272}},"392":{"start":{"line":1,"column":11229},"end":{"line":1,"column":11245}},"393":{"start":{"line":1,"column":11245},"end":{"line":1,"column":11260}},"394":{"start":{"line":1,"column":11266},"end":{"line":1,"column":11271}},"395":{"start":{"line":1,"column":11273},"end":{"line":1,"column":11278}},"396":{"start":{"line":1,"column":11278},"end":{"line":1,"column":11395}},"397":{"start":{"line":1,"column":11297},"end":{"line":1,"column":11310}},"398":{"start":{"line":1,"column":11310},"end":{"line":1,"column":11325}},"399":{"start":{"line":1,"column":11325},"end":{"line":1,"column":11336}},"400":{"start":{"line":1,"column":11336},"end":{"line":1,"column":11368}},"401":{"start":{"line":1,"column":11363},"end":{"line":1,"column":11367}},"402":{"start":{"line":1,"column":11368},"end":{"line":1,"column":11379}},"403":{"start":{"line":1,"column":11379},"end":{"line":1,"column":11390}},"404":{"start":{"line":1,"column":11390},"end":{"line":1,"column":11394}},"405":{"start":{"line":1,"column":11395},"end":{"line":1,"column":11409}},"406":{"start":{"line":1,"column":11409},"end":{"line":1,"column":11421}},"407":{"start":{"line":1,"column":11421},"end":{"line":1,"column":11892}},"408":{"start":{"line":1,"column":11433},"end":{"line":1,"column":11447}},"409":{"start":{"line":1,"column":11447},"end":{"line":1,"column":11466}},"410":{"start":{"line":1,"column":11466},"end":{"line":1,"column":11478}},"411":{"start":{"line":1,"column":11478},"end":{"line":1,"column":11496}},"412":{"start":{"line":1,"column":11496},"end":{"line":1,"column":11517}},"413":{"start":{"line":1,"column":11517},"end":{"line":1,"column":11533}},"414":{"start":{"line":1,"column":11533},"end":{"line":1,"column":11539}},"415":{"start":{"line":1,"column":11539},"end":{"line":1,"column":11857}},"416":{"start":{"line":1,"column":11582},"end":{"line":1,"column":11610}},"417":{"start":{"line":1,"column":11589},"end":{"line":1,"column":11609}},"418":{"start":{"line":1,"column":11610},"end":{"line":1,"column":11625}},"419":{"start":{"line":1,"column":11625},"end":{"line":1,"column":11649}},"420":{"start":{"line":1,"column":11649},"end":{"line":1,"column":11681}},"421":{"start":{"line":1,"column":11681},"end":{"line":1,"column":11701}},"422":{"start":{"line":1,"column":11701},"end":{"line":1,"column":11722}},"423":{"start":{"line":1,"column":11722},"end":{"line":1,"column":11745}},"424":{"start":{"line":1,"column":11745},"end":{"line":1,"column":11764}},"425":{"start":{"line":1,"column":11764},"end":{"line":1,"column":11856}},"426":{"start":{"line":1,"column":11772},"end":{"line":1,"column":11821}},"427":{"start":{"line":1,"column":11821},"end":{"line":1,"column":11855}},"428":{"start":{"line":1,"column":11857},"end":{"line":1,"column":11861}},"429":{"start":{"line":1,"column":11861},"end":{"line":1,"column":11876}},"430":{"start":{"line":1,"column":11870},"end":{"line":1,"column":11875}},"431":{"start":{"line":1,"column":11876},"end":{"line":1,"column":11891}},"432":{"start":{"line":1,"column":11886},"end":{"line":1,"column":11890}},"433":{"start":{"line":1,"column":11893},"end":{"line":1,"column":11902}},"434":{"start":{"line":1,"column":11902},"end":{"line":1,"column":12070}},"435":{"start":{"line":1,"column":11918},"end":{"line":1,"column":12069}},"436":{"start":{"line":1,"column":11946},"end":{"line":1,"column":11957}},"437":{"start":{"line":1,"column":11957},"end":{"line":1,"column":12068}},"438":{"start":{"line":1,"column":11982},"end":{"line":1,"column":11988}},"439":{"start":{"line":1,"column":11994},"end":{"line":1,"column":12067}},"440":{"start":{"line":1,"column":12013},"end":{"line":1,"column":12066}},"441":{"start":{"line":1,"column":12070},"end":{"line":1,"column":12178}},"442":{"start":{"line":1,"column":12086},"end":{"line":1,"column":12166}},"443":{"start":{"line":1,"column":12116},"end":{"line":1,"column":12165}},"444":{"start":{"line":1,"column":12166},"end":{"line":1,"column":12177}},"445":{"start":{"line":1,"column":12178},"end":{"line":1,"column":12200}},"446":{"start":{"line":1,"column":12200},"end":{"line":1,"column":12643}},"447":{"start":{"line":1,"column":12643},"end":{"line":1,"column":13152}},"448":{"start":{"line":1,"column":13152},"end":{"line":1,"column":13189}},"449":{"start":{"line":1,"column":13189},"end":{"line":1,"column":13287}},"450":{"start":{"line":1,"column":13287},"end":{"line":1,"column":13331}},"451":{"start":{"line":1,"column":13331},"end":{"line":1,"column":13424}},"452":{"start":{"line":1,"column":13424},"end":{"line":1,"column":13472}},"453":{"start":{"line":1,"column":13472},"end":{"line":1,"column":13550}},"454":{"start":{"line":1,"column":13550},"end":{"line":1,"column":13646}},"455":{"start":{"line":1,"column":13646},"end":{"line":1,"column":13743}},"456":{"start":{"line":1,"column":13743},"end":{"line":1,"column":13828}},"457":{"start":{"line":1,"column":13828},"end":{"line":1,"column":13893}},"458":{"start":{"line":1,"column":13893},"end":{"line":1,"column":14024}},"459":{"start":{"line":1,"column":14024},"end":{"line":1,"column":14060}},"460":{"start":{"line":1,"column":14060},"end":{"line":1,"column":14268}},"461":{"start":{"line":1,"column":14074},"end":{"line":1,"column":14096}},"462":{"start":{"line":1,"column":14096},"end":{"line":1,"column":14267}},"463":{"start":{"line":1,"column":14100},"end":{"line":1,"column":14122}},"464":{"start":{"line":1,"column":14122},"end":{"line":1,"column":14141}},"465":{"start":{"line":1,"column":14141},"end":{"line":1,"column":14156}},"466":{"start":{"line":1,"column":14156},"end":{"line":1,"column":14172}},"467":{"start":{"line":1,"column":14172},"end":{"line":1,"column":14184}},"468":{"start":{"line":1,"column":14184},"end":{"line":1,"column":14194}},"469":{"start":{"line":1,"column":14194},"end":{"line":1,"column":14198}},"470":{"start":{"line":1,"column":14208},"end":{"line":1,"column":14266}},"471":{"start":{"line":1,"column":14232},"end":{"line":1,"column":14265}},"472":{"start":{"line":1,"column":14268},"end":{"line":1,"column":14424}},"473":{"start":{"line":1,"column":14286},"end":{"line":1,"column":14322}},"474":{"start":{"line":1,"column":14322},"end":{"line":1,"column":14336}},"475":{"start":{"line":1,"column":14336},"end":{"line":1,"column":14349}},"476":{"start":{"line":1,"column":14342},"end":{"line":1,"column":14348}},"477":{"start":{"line":1,"column":14349},"end":{"line":1,"column":14400}},"478":{"start":{"line":1,"column":14400},"end":{"line":1,"column":14405}},"479":{"start":{"line":1,"column":14405},"end":{"line":1,"column":14423}},"480":{"start":{"line":1,"column":14424},"end":{"line":1,"column":15490}},"481":{"start":{"line":1,"column":14439},"end":{"line":1,"column":14495}},"482":{"start":{"line":1,"column":14454},"end":{"line":1,"column":14494}},"483":{"start":{"line":1,"column":14495},"end":{"line":1,"column":14532}},"484":{"start":{"line":1,"column":14532},"end":{"line":1,"column":14541}},"485":{"start":{"line":1,"column":14541},"end":{"line":1,"column":14629}},"486":{"start":{"line":1,"column":14573},"end":{"line":1,"column":14628}},"487":{"start":{"line":1,"column":14610},"end":{"line":1,"column":14627}},"488":{"start":{"line":1,"column":14629},"end":{"line":1,"column":14637}},"489":{"start":{"line":1,"column":14637},"end":{"line":1,"column":14648}},"490":{"start":{"line":1,"column":14648},"end":{"line":1,"column":14698}},"491":{"start":{"line":1,"column":14659},"end":{"line":1,"column":14697}},"492":{"start":{"line":1,"column":14677},"end":{"line":1,"column":14695}},"493":{"start":{"line":1,"column":14698},"end":{"line":1,"column":14706}},"494":{"start":{"line":1,"column":14706},"end":{"line":1,"column":14712}},"495":{"start":{"line":1,"column":14712},"end":{"line":1,"column":14752}},"496":{"start":{"line":1,"column":14752},"end":{"line":1,"column":14777}},"497":{"start":{"line":1,"column":14777},"end":{"line":1,"column":15486}},"498":{"start":{"line":1,"column":14790},"end":{"line":1,"column":14854}},"499":{"start":{"line":1,"column":14854},"end":{"line":1,"column":15434}},"500":{"start":{"line":1,"column":14887},"end":{"line":1,"column":14899}},"501":{"start":{"line":1,"column":14899},"end":{"line":1,"column":14919}},"502":{"start":{"line":1,"column":14919},"end":{"line":1,"column":15433}},"503":{"start":{"line":1,"column":14952},"end":{"line":1,"column":14972}},"504":{"start":{"line":1,"column":14972},"end":{"line":1,"column":14979}},"505":{"start":{"line":1,"column":14979},"end":{"line":1,"column":15046}},"506":{"start":{"line":1,"column":15020},"end":{"line":1,"column":15045}},"507":{"start":{"line":1,"column":15046},"end":{"line":1,"column":15062}},"508":{"start":{"line":1,"column":15053},"end":{"line":1,"column":15061}},"509":{"start":{"line":1,"column":15062},"end":{"line":1,"column":15075}},"510":{"start":{"line":1,"column":15075},"end":{"line":1,"column":15256}},"511":{"start":{"line":1,"column":15121},"end":{"line":1,"column":15255}},"512":{"start":{"line":1,"column":15241},"end":{"line":1,"column":15249}},"513":{"start":{"line":1,"column":15249},"end":{"line":1,"column":15254}},"514":{"start":{"line":1,"column":15256},"end":{"line":1,"column":15432}},"515":{"start":{"line":1,"column":15264},"end":{"line":1,"column":15317}},"516":{"start":{"line":1,"column":15317},"end":{"line":1,"column":15361}},"517":{"start":{"line":1,"column":15361},"end":{"line":1,"column":15377}},"518":{"start":{"line":1,"column":15368},"end":{"line":1,"column":15376}},"519":{"start":{"line":1,"column":15377},"end":{"line":1,"column":15427}},"520":{"start":{"line":1,"column":15427},"end":{"line":1,"column":15431}},"521":{"start":{"line":1,"column":15434},"end":{"line":1,"column":15485}},"522":{"start":{"line":1,"column":15449},"end":{"line":1,"column":15466}},"523":{"start":{"line":1,"column":15472},"end":{"line":1,"column":15484}},"524":{"start":{"line":1,"column":15479},"end":{"line":1,"column":15483}},"525":{"start":{"line":1,"column":15486},"end":{"line":1,"column":15489}},"526":{"start":{"line":1,"column":15490},"end":{"line":1,"column":15514}},"527":{"start":{"line":1,"column":15514},"end":{"line":1,"column":15535}},"528":{"start":{"line":1,"column":15535},"end":{"line":1,"column":15780}},"529":{"start":{"line":1,"column":15785},"end":{"line":1,"column":16550}},"530":{"start":{"line":1,"column":16550},"end":{"line":1,"column":17330}},"531":{"start":{"line":1,"column":17330},"end":{"line":1,"column":17476}},"532":{"start":{"line":1,"column":17476},"end":{"line":1,"column":17568}}},"branchMap":{"1":{"line":1,"type":"if","locations":[{"start":{"line":1,"column":2616},"end":{"line":1,"column":2616}},{"start":{"line":1,"column":2616},"end":{"line":1,"column":2616}}]},"2":{"line":1,"type":"if","locations":[{"start":{"line":1,"column":2647},"end":{"line":1,"column":2647}},{"start":{"line":1,"column":2647},"end":{"line":1,"column":2647}}]},"3":{"line":1,"type":"if","locations":[{"start":{"line":1,"column":2830},"end":{"line":1,"column":2830}},{"start":{"line":1,"column":2830},"end":{"line":1,"column":2830}}]},"4":{"line":1,"type":"if","locations":[{"start":{"line":1,"column":2881},"end":{"line":1,"column":2881}},{"start":{"line":1,"column":2881},"end":{"line":1,"column":2881}}]},"5":{"line":1,"type":"if","locations":[{"start":{"line":1,"column":2903},"end":{"line":1,"column":2903}},{"start":{"line":1,"column":2903},"end":{"line":1,"column":2903}}]},"6":{"line":1,"type":"binary-expr","locations":[{"start":{"line":1,"column":2906},"end":{"line":1,"column":2913}},{"start":{"line":1,"column":2915},"end":{"line":1,"column":2922}}]},"7":{"line":1,"type":"if","locations":[{"start":{"line":1,"column":2964},"end":{"line":1,"column":2964}},{"start":{"line":1,"column":2964},"end":{"line":1,"column":2964}}]},"8":{"line":1,"type":"binary-expr","locations":[{"start":{"line":1,"column":2967},"end":{"line":1,"column":2975}},{"start":{"line":1,"column":2977},"end":{"line":1,"column":2985}}]},"9":{"line":1,"type":"if","locations":[{"start":{"line":1,"column":3070},"end":{"line":1,"column":3070}},{"start":{"line":1,"column":3070},"end":{"line":1,"column":3070}}]},"10":{"line":1,"type":"cond-expr","locations":[{"start":{"line":1,"column":3093},"end":{"line":1,"column":3099}},{"start":{"line":1,"column":3100},"end":{"line":1,"column":3105}}]},"11":{"line":1,"type":"if","locations":[{"start":{"line":1,"column":3154},"end":{"line":1,"column":3154}},{"start":{"line":1,"column":3154},"end":{"line":1,"column":3154}}]},"12":{"line":1,"type":"binary-expr","locations":[{"start":{"line":1,"column":3157},"end":{"line":1,"column":3166}},{"start":{"line":1,"column":3168},"end":{"line":1,"column":3176}},{"start":{"line":1,"column":3178},"end":{"line":1,"column":3186}},{"start":{"line":1,"column":3188},"end":{"line":1,"column":3196}}]},"13":{"line":1,"type":"if","locations":[{"start":{"line":1,"column":3489},"end":{"line":1,"column":3489}},{"start":{"line":1,"column":3489},"end":{"line":1,"column":3489}}]},"14":{"line":1,"type":"if","locations":[{"start":{"line":1,"column":3552},"end":{"line":1,"column":3552}},{"start":{"line":1,"column":3552},"end":{"line":1,"column":3552}}]},"15":{"line":1,"type":"binary-expr","locations":[{"start":{"line":1,"column":3555},"end":{"line":1,"column":3562}},{"start":{"line":1,"column":3564},"end":{"line":1,"column":3578}}]},"16":{"line":1,"type":"if","locations":[{"start":{"line":1,"column":3630},"end":{"line":1,"column":3630}},{"start":{"line":1,"column":3630},"end":{"line":1,"column":3630}}]},"17":{"line":1,"type":"binary-expr","locations":[{"start":{"line":1,"column":3635},"end":{"line":1,"column":3640}},{"start":{"line":1,"column":3642},"end":{"line":1,"column":3648}}]},"18":{"line":1,"type":"if","locations":[{"start":{"line":1,"column":3651},"end":{"line":1,"column":3651}},{"start":{"line":1,"column":3651},"end":{"line":1,"column":3651}}]},"19":{"line":1,"type":"binary-expr","locations":[{"start":{"line":1,"column":3656},"end":{"line":1,"column":3661}},{"start":{"line":1,"column":3663},"end":{"line":1,"column":3668}}]},"20":{"line":1,"type":"if","locations":[{"start":{"line":1,"column":3720},"end":{"line":1,"column":3720}},{"start":{"line":1,"column":3720},"end":{"line":1,"column":3720}}]},"21":{"line":1,"type":"binary-expr","locations":[{"start":{"line":1,"column":3725},"end":{"line":1,"column":3730}},{"start":{"line":1,"column":3732},"end":{"line":1,"column":3738}}]},"22":{"line":1,"type":"binary-expr","locations":[{"start":{"line":1,"column":3827},"end":{"line":1,"column":3838}},{"start":{"line":1,"column":3842},"end":{"line":1,"column":3853}}]},"23":{"line":1,"type":"if","locations":[{"start":{"line":1,"column":3930},"end":{"line":1,"column":3930}},{"start":{"line":1,"column":3930},"end":{"line":1,"column":3930}}]},"24":{"line":1,"type":"if","locations":[{"start":{"line":1,"column":4011},"end":{"line":1,"column":4011}},{"start":{"line":1,"column":4011},"end":{"line":1,"column":4011}}]},"25":{"line":1,"type":"if","locations":[{"start":{"line":1,"column":4116},"end":{"line":1,"column":4116}},{"start":{"line":1,"column":4116},"end":{"line":1,"column":4116}}]},"26":{"line":1,"type":"if","locations":[{"start":{"line":1,"column":4132},"end":{"line":1,"column":4132}},{"start":{"line":1,"column":4132},"end":{"line":1,"column":4132}}]},"27":{"line":1,"type":"if","locations":[{"start":{"line":1,"column":4496},"end":{"line":1,"column":4496}},{"start":{"line":1,"column":4496},"end":{"line":1,"column":4496}}]},"28":{"line":1,"type":"if","locations":[{"start":{"line":1,"column":4519},"end":{"line":1,"column":4519}},{"start":{"line":1,"column":4519},"end":{"line":1,"column":4519}}]},"29":{"line":1,"type":"if","locations":[{"start":{"line":1,"column":4567},"end":{"line":1,"column":4567}},{"start":{"line":1,"column":4567},"end":{"line":1,"column":4567}}]},"30":{"line":1,"type":"binary-expr","locations":[{"start":{"line":1,"column":4570},"end":{"line":1,"column":4572}},{"start":{"line":1,"column":4574},"end":{"line":1,"column":4580}}]},"31":{"line":1,"type":"if","locations":[{"start":{"line":1,"column":4627},"end":{"line":1,"column":4627}},{"start":{"line":1,"column":4627},"end":{"line":1,"column":4627}}]},"32":{"line":1,"type":"if","locations":[{"start":{"line":1,"column":4700},"end":{"line":1,"column":4700}},{"start":{"line":1,"column":4700},"end":{"line":1,"column":4700}}]},"33":{"line":1,"type":"if","locations":[{"start":{"line":1,"column":4718},"end":{"line":1,"column":4718}},{"start":{"line":1,"column":4718},"end":{"line":1,"column":4718}}]},"34":{"line":1,"type":"if","locations":[{"start":{"line":1,"column":4760},"end":{"line":1,"column":4760}},{"start":{"line":1,"column":4760},"end":{"line":1,"column":4760}}]},"35":{"line":1,"type":"if","locations":[{"start":{"line":1,"column":4808},"end":{"line":1,"column":4808}},{"start":{"line":1,"column":4808},"end":{"line":1,"column":4808}}]},"36":{"line":1,"type":"binary-expr","locations":[{"start":{"line":1,"column":4811},"end":{"line":1,"column":4813}},{"start":{"line":1,"column":4815},"end":{"line":1,"column":4821}}]},"37":{"line":1,"type":"if","locations":[{"start":{"line":1,"column":4875},"end":{"line":1,"column":4875}},{"start":{"line":1,"column":4875},"end":{"line":1,"column":4875}}]},"38":{"line":1,"type":"binary-expr","locations":[{"start":{"line":1,"column":4878},"end":{"line":1,"column":4890}},{"start":{"line":1,"column":4892},"end":{"line":1,"column":4906}}]},"39":{"line":1,"type":"if","locations":[{"start":{"line":1,"column":4919},"end":{"line":1,"column":4919}},{"start":{"line":1,"column":4919},"end":{"line":1,"column":4919}}]},"40":{"line":1,"type":"binary-expr","locations":[{"start":{"line":1,"column":4922},"end":{"line":1,"column":4935}},{"start":{"line":1,"column":4937},"end":{"line":1,"column":4938}}]},"41":{"line":1,"type":"if","locations":[{"start":{"line":1,"column":4999},"end":{"line":1,"column":4999}},{"start":{"line":1,"column":4999},"end":{"line":1,"column":4999}}]},"42":{"line":1,"type":"binary-expr","locations":[{"start":{"line":1,"column":5002},"end":{"line":1,"column":5014}},{"start":{"line":1,"column":5016},"end":{"line":1,"column":5024}}]},"43":{"line":1,"type":"if","locations":[{"start":{"line":1,"column":5044},"end":{"line":1,"column":5044}},{"start":{"line":1,"column":5044},"end":{"line":1,"column":5044}}]},"44":{"line":1,"type":"if","locations":[{"start":{"line":1,"column":5251},"end":{"line":1,"column":5251}},{"start":{"line":1,"column":5251},"end":{"line":1,"column":5251}}]},"45":{"line":1,"type":"binary-expr","locations":[{"start":{"line":1,"column":5254},"end":{"line":1,"column":5263}},{"start":{"line":1,"column":5265},"end":{"line":1,"column":5277}}]},"46":{"line":1,"type":"cond-expr","locations":[{"start":{"line":1,"column":5361},"end":{"line":1,"column":5365}},{"start":{"line":1,"column":5366},"end":{"line":1,"column":5369}}]},"47":{"line":1,"type":"if","locations":[{"start":{"line":1,"column":5456},"end":{"line":1,"column":5456}},{"start":{"line":1,"column":5456},"end":{"line":1,"column":5456}}]},"48":{"line":1,"type":"if","locations":[{"start":{"line":1,"column":5508},"end":{"line":1,"column":5508}},{"start":{"line":1,"column":5508},"end":{"line":1,"column":5508}}]},"49":{"line":1,"type":"binary-expr","locations":[{"start":{"line":1,"column":5623},"end":{"line":1,"column":5624}},{"start":{"line":1,"column":5626},"end":{"line":1,"column":5650}}]},"50":{"line":1,"type":"switch","locations":[{"start":{"line":1,"column":5687},"end":{"line":1,"column":5869}},{"start":{"line":1,"column":5869},"end":{"line":1,"column":5876}},{"start":{"line":1,"column":5876},"end":{"line":1,"column":6044}}]},"51":{"line":1,"type":"if","locations":[{"start":{"line":1,"column":5694},"end":{"line":1,"column":5694}},{"start":{"line":1,"column":5694},"end":{"line":1,"column":5694}}]},"52":{"line":1,"type":"if","locations":[{"start":{"line":1,"column":5799},"end":{"line":1,"column":5799}},{"start":{"line":1,"column":5799},"end":{"line":1,"column":5799}}]},"53":{"line":1,"type":"binary-expr","locations":[{"start":{"line":1,"column":5802},"end":{"line":1,"column":5811}},{"start":{"line":1,"column":5813},"end":{"line":1,"column":5822}}]},"54":{"line":1,"type":"if","locations":[{"start":{"line":1,"column":5903},"end":{"line":1,"column":5903}},{"start":{"line":1,"column":5903},"end":{"line":1,"column":5903}}]},"55":{"line":1,"type":"if","locations":[{"start":{"line":1,"column":5917},"end":{"line":1,"column":5917}},{"start":{"line":1,"column":5917},"end":{"line":1,"column":5917}}]},"56":{"line":1,"type":"if","locations":[{"start":{"line":1,"column":6128},"end":{"line":1,"column":6128}},{"start":{"line":1,"column":6128},"end":{"line":1,"column":6128}}]},"57":{"line":1,"type":"cond-expr","locations":[{"start":{"line":1,"column":6319},"end":{"line":1,"column":6324}},{"start":{"line":1,"column":6326},"end":{"line":1,"column":6361}}]},"58":{"line":1,"type":"cond-expr","locations":[{"start":{"line":1,"column":6321},"end":{"line":1,"column":6322}},{"start":{"line":1,"column":6323},"end":{"line":1,"column":6324}}]},"59":{"line":1,"type":"cond-expr","locations":[{"start":{"line":1,"column":6335},"end":{"line":1,"column":6358}},{"start":{"line":1,"column":6360},"end":{"line":1,"column":6361}}]},"60":{"line":1,"type":"cond-expr","locations":[{"start":{"line":1,"column":6355},"end":{"line":1,"column":6356}},{"start":{"line":1,"column":6357},"end":{"line":1,"column":6358}}]},"61":{"line":1,"type":"cond-expr","locations":[{"start":{"line":1,"column":6375},"end":{"line":1,"column":6384}},{"start":{"line":1,"column":6385},"end":{"line":1,"column":6386}}]},"62":{"line":1,"type":"if","locations":[{"start":{"line":1,"column":6530},"end":{"line":1,"column":6530}},{"start":{"line":1,"column":6530},"end":{"line":1,"column":6530}}]},"63":{"line":1,"type":"if","locations":[{"start":{"line":1,"column":6613},"end":{"line":1,"column":6613}},{"start":{"line":1,"column":6613},"end":{"line":1,"column":6613}}]},"64":{"line":1,"type":"binary-expr","locations":[{"start":{"line":1,"column":6796},"end":{"line":1,"column":6806}},{"start":{"line":1,"column":6808},"end":{"line":1,"column":6810}}]},"65":{"line":1,"type":"if","locations":[{"start":{"line":1,"column":6908},"end":{"line":1,"column":6908}},{"start":{"line":1,"column":6908},"end":{"line":1,"column":6908}}]},"66":{"line":1,"type":"if","locations":[{"start":{"line":1,"column":6970},"end":{"line":1,"column":6970}},{"start":{"line":1,"column":6970},"end":{"line":1,"column":6970}}]},"67":{"line":1,"type":"if","locations":[{"start":{"line":1,"column":7062},"end":{"line":1,"column":7062}},{"start":{"line":1,"column":7062},"end":{"line":1,"column":7062}}]},"68":{"line":1,"type":"if","locations":[{"start":{"line":1,"column":7085},"end":{"line":1,"column":7085}},{"start":{"line":1,"column":7085},"end":{"line":1,"column":7085}}]},"69":{"line":1,"type":"binary-expr","locations":[{"start":{"line":1,"column":7102},"end":{"line":1,"column":7114}},{"start":{"line":1,"column":7116},"end":{"line":1,"column":7143}}]},"70":{"line":1,"type":"if","locations":[{"start":{"line":1,"column":7144},"end":{"line":1,"column":7144}},{"start":{"line":1,"column":7144},"end":{"line":1,"column":7144}}]},"71":{"line":1,"type":"binary-expr","locations":[{"start":{"line":1,"column":7147},"end":{"line":1,"column":7149}},{"start":{"line":1,"column":7151},"end":{"line":1,"column":7181}}]},"72":{"line":1,"type":"binary-expr","locations":[{"start":{"line":1,"column":7153},"end":{"line":1,"column":7155}},{"start":{"line":1,"column":7157},"end":{"line":1,"column":7180}}]},"73":{"line":1,"type":"if","locations":[{"start":{"line":1,"column":7197},"end":{"line":1,"column":7197}},{"start":{"line":1,"column":7197},"end":{"line":1,"column":7197}}]},"74":{"line":1,"type":"if","locations":[{"start":{"line":1,"column":7240},"end":{"line":1,"column":7240}},{"start":{"line":1,"column":7240},"end":{"line":1,"column":7240}}]},"75":{"line":1,"type":"if","locations":[{"start":{"line":1,"column":7325},"end":{"line":1,"column":7325}},{"start":{"line":1,"column":7325},"end":{"line":1,"column":7325}}]},"76":{"line":1,"type":"if","locations":[{"start":{"line":1,"column":7548},"end":{"line":1,"column":7548}},{"start":{"line":1,"column":7548},"end":{"line":1,"column":7548}}]},"77":{"line":1,"type":"if","locations":[{"start":{"line":1,"column":7787},"end":{"line":1,"column":7787}},{"start":{"line":1,"column":7787},"end":{"line":1,"column":7787}}]},"78":{"line":1,"type":"if","locations":[{"start":{"line":1,"column":8035},"end":{"line":1,"column":8035}},{"start":{"line":1,"column":8035},"end":{"line":1,"column":8035}}]},"79":{"line":1,"type":"if","locations":[{"start":{"line":1,"column":8125},"end":{"line":1,"column":8125}},{"start":{"line":1,"column":8125},"end":{"line":1,"column":8125}}]},"80":{"line":1,"type":"if","locations":[{"start":{"line":1,"column":8131},"end":{"line":1,"column":8131}},{"start":{"line":1,"column":8131},"end":{"line":1,"column":8131}}]},"81":{"line":1,"type":"if","locations":[{"start":{"line":1,"column":8152},"end":{"line":1,"column":8152}},{"start":{"line":1,"column":8152},"end":{"line":1,"column":8152}}]},"82":{"line":1,"type":"if","locations":[{"start":{"line":1,"column":8474},"end":{"line":1,"column":8474}},{"start":{"line":1,"column":8474},"end":{"line":1,"column":8474}}]},"83":{"line":1,"type":"if","locations":[{"start":{"line":1,"column":8571},"end":{"line":1,"column":8571}},{"start":{"line":1,"column":8571},"end":{"line":1,"column":8571}}]},"84":{"line":1,"type":"if","locations":[{"start":{"line":1,"column":8760},"end":{"line":1,"column":8760}},{"start":{"line":1,"column":8760},"end":{"line":1,"column":8760}}]},"85":{"line":1,"type":"if","locations":[{"start":{"line":1,"column":8823},"end":{"line":1,"column":8823}},{"start":{"line":1,"column":8823},"end":{"line":1,"column":8823}}]},"86":{"line":1,"type":"if","locations":[{"start":{"line":1,"column":9467},"end":{"line":1,"column":9467}},{"start":{"line":1,"column":9467},"end":{"line":1,"column":9467}}]},"87":{"line":1,"type":"if","locations":[{"start":{"line":1,"column":9519},"end":{"line":1,"column":9519}},{"start":{"line":1,"column":9519},"end":{"line":1,"column":9519}}]},"88":{"line":1,"type":"binary-expr","locations":[{"start":{"line":1,"column":9628},"end":{"line":1,"column":9629}},{"start":{"line":1,"column":9631},"end":{"line":1,"column":9655}}]},"89":{"line":1,"type":"switch","locations":[{"start":{"line":1,"column":9782},"end":{"line":1,"column":9965}},{"start":{"line":1,"column":9965},"end":{"line":1,"column":9972}},{"start":{"line":1,"column":9972},"end":{"line":1,"column":10257}}]},"90":{"line":1,"type":"if","locations":[{"start":{"line":1,"column":9789},"end":{"line":1,"column":9789}},{"start":{"line":1,"column":9789},"end":{"line":1,"column":9789}}]},"91":{"line":1,"type":"if","locations":[{"start":{"line":1,"column":9820},"end":{"line":1,"column":9820}},{"start":{"line":1,"column":9820},"end":{"line":1,"column":9820}}]},"92":{"line":1,"type":"if","locations":[{"start":{"line":1,"column":9850},"end":{"line":1,"column":9850}},{"start":{"line":1,"column":9850},"end":{"line":1,"column":9850}}]},"93":{"line":1,"type":"if","locations":[{"start":{"line":1,"column":9979},"end":{"line":1,"column":9979}},{"start":{"line":1,"column":9979},"end":{"line":1,"column":9979}}]},"94":{"line":1,"type":"if","locations":[{"start":{"line":1,"column":10025},"end":{"line":1,"column":10025}},{"start":{"line":1,"column":10025},"end":{"line":1,"column":10025}}]},"95":{"line":1,"type":"if","locations":[{"start":{"line":1,"column":10123},"end":{"line":1,"column":10123}},{"start":{"line":1,"column":10123},"end":{"line":1,"column":10123}}]},"96":{"line":1,"type":"if","locations":[{"start":{"line":1,"column":10212},"end":{"line":1,"column":10212}},{"start":{"line":1,"column":10212},"end":{"line":1,"column":10212}}]},"97":{"line":1,"type":"if","locations":[{"start":{"line":1,"column":10315},"end":{"line":1,"column":10315}},{"start":{"line":1,"column":10315},"end":{"line":1,"column":10315}}]},"98":{"line":1,"type":"cond-expr","locations":[{"start":{"line":1,"column":10360},"end":{"line":1,"column":10379}},{"start":{"line":1,"column":10380},"end":{"line":1,"column":10382}}]},"99":{"line":1,"type":"if","locations":[{"start":{"line":1,"column":10404},"end":{"line":1,"column":10404}},{"start":{"line":1,"column":10404},"end":{"line":1,"column":10404}}]},"100":{"line":1,"type":"binary-expr","locations":[{"start":{"line":1,"column":10580},"end":{"line":1,"column":10596}},{"start":{"line":1,"column":10599},"end":{"line":1,"column":10614}}]},"101":{"line":1,"type":"if","locations":[{"start":{"line":1,"column":10671},"end":{"line":1,"column":10671}},{"start":{"line":1,"column":10671},"end":{"line":1,"column":10671}}]},"102":{"line":1,"type":"binary-expr","locations":[{"start":{"line":1,"column":10777},"end":{"line":1,"column":10799}},{"start":{"line":1,"column":10801},"end":{"line":1,"column":10802}}]},"103":{"line":1,"type":"if","locations":[{"start":{"line":1,"column":10871},"end":{"line":1,"column":10871}},{"start":{"line":1,"column":10871},"end":{"line":1,"column":10871}}]},"104":{"line":1,"type":"if","locations":[{"start":{"line":1,"column":11209},"end":{"line":1,"column":11209}},{"start":{"line":1,"column":11209},"end":{"line":1,"column":11209}}]},"105":{"line":1,"type":"binary-expr","locations":[{"start":{"line":1,"column":11342},"end":{"line":1,"column":11348}},{"start":{"line":1,"column":11350},"end":{"line":1,"column":11361}}]},"106":{"line":1,"type":"binary-expr","locations":[{"start":{"line":1,"column":11453},"end":{"line":1,"column":11461}},{"start":{"line":1,"column":11463},"end":{"line":1,"column":11465}}]},"107":{"line":1,"type":"binary-expr","locations":[{"start":{"line":1,"column":11485},"end":{"line":1,"column":11491}},{"start":{"line":1,"column":11493},"end":{"line":1,"column":11495}}]},"108":{"line":1,"type":"if","locations":[{"start":{"line":1,"column":11539},"end":{"line":1,"column":11539}},{"start":{"line":1,"column":11539},"end":{"line":1,"column":11539}}]},"109":{"line":1,"type":"binary-expr","locations":[{"start":{"line":1,"column":11542},"end":{"line":1,"column":11557}},{"start":{"line":1,"column":11560},"end":{"line":1,"column":11579}}]},"110":{"line":1,"type":"if","locations":[{"start":{"line":1,"column":11582},"end":{"line":1,"column":11582}},{"start":{"line":1,"column":11582},"end":{"line":1,"column":11582}}]},"111":{"line":1,"type":"if","locations":[{"start":{"line":1,"column":11764},"end":{"line":1,"column":11764}},{"start":{"line":1,"column":11764},"end":{"line":1,"column":11764}}]},"112":{"line":1,"type":"if","locations":[{"start":{"line":1,"column":11861},"end":{"line":1,"column":11861}},{"start":{"line":1,"column":11861},"end":{"line":1,"column":11861}}]},"113":{"line":1,"type":"if","locations":[{"start":{"line":1,"column":11876},"end":{"line":1,"column":11876}},{"start":{"line":1,"column":11876},"end":{"line":1,"column":11876}}]},"114":{"line":1,"type":"if","locations":[{"start":{"line":1,"column":11957},"end":{"line":1,"column":11957}},{"start":{"line":1,"column":11957},"end":{"line":1,"column":11957}}]},"115":{"line":1,"type":"if","locations":[{"start":{"line":1,"column":11994},"end":{"line":1,"column":11994}},{"start":{"line":1,"column":11994},"end":{"line":1,"column":11994}}]},"116":{"line":1,"type":"if","locations":[{"start":{"line":1,"column":12086},"end":{"line":1,"column":12086}},{"start":{"line":1,"column":12086},"end":{"line":1,"column":12086}}]},"117":{"line":1,"type":"binary-expr","locations":[{"start":{"line":1,"column":12091},"end":{"line":1,"column":12092}},{"start":{"line":1,"column":12094},"end":{"line":1,"column":12113}}]},"118":{"line":1,"type":"cond-expr","locations":[{"start":{"line":1,"column":12134},"end":{"line":1,"column":12150}},{"start":{"line":1,"column":12151},"end":{"line":1,"column":12165}}]},"119":{"line":1,"type":"if","locations":[{"start":{"line":1,"column":14208},"end":{"line":1,"column":14208}},{"start":{"line":1,"column":14208},"end":{"line":1,"column":14208}}]},"120":{"line":1,"type":"cond-expr","locations":[{"start":{"line":1,"column":14255},"end":{"line":1,"column":14262}},{"start":{"line":1,"column":14263},"end":{"line":1,"column":14264}}]},"121":{"line":1,"type":"binary-expr","locations":[{"start":{"line":1,"column":14244},"end":{"line":1,"column":14245}},{"start":{"line":1,"column":14247},"end":{"line":1,"column":14254}}]},"122":{"line":1,"type":"if","locations":[{"start":{"line":1,"column":14336},"end":{"line":1,"column":14336}},{"start":{"line":1,"column":14336},"end":{"line":1,"column":14336}}]},"123":{"line":1,"type":"if","locations":[{"start":{"line":1,"column":14648},"end":{"line":1,"column":14648}},{"start":{"line":1,"column":14648},"end":{"line":1,"column":14648}}]},"124":{"line":1,"type":"cond-expr","locations":[{"start":{"line":1,"column":14832},"end":{"line":1,"column":14843}},{"start":{"line":1,"column":14844},"end":{"line":1,"column":14852}}]},"125":{"line":1,"type":"binary-expr","locations":[{"start":{"line":1,"column":14859},"end":{"line":1,"column":14869}},{"start":{"line":1,"column":14871},"end":{"line":1,"column":14881}}]},"126":{"line":1,"type":"if","locations":[{"start":{"line":1,"column":14919},"end":{"line":1,"column":14919}},{"start":{"line":1,"column":14919},"end":{"line":1,"column":14919}}]},"127":{"line":1,"type":"if","locations":[{"start":{"line":1,"column":14979},"end":{"line":1,"column":14979}},{"start":{"line":1,"column":14979},"end":{"line":1,"column":14979}}]},"128":{"line":1,"type":"binary-expr","locations":[{"start":{"line":1,"column":14982},"end":{"line":1,"column":14985}},{"start":{"line":1,"column":14988},"end":{"line":1,"column":14996}},{"start":{"line":1,"column":14999},"end":{"line":1,"column":15018}}]},"129":{"line":1,"type":"if","locations":[{"start":{"line":1,"column":15046},"end":{"line":1,"column":15046}},{"start":{"line":1,"column":15046},"end":{"line":1,"column":15046}}]},"130":{"line":1,"type":"if","locations":[{"start":{"line":1,"column":15121},"end":{"line":1,"column":15121}},{"start":{"line":1,"column":15121},"end":{"line":1,"column":15121}}]},"131":{"line":1,"type":"binary-expr","locations":[{"start":{"line":1,"column":15125},"end":{"line":1,"column":15143}},{"start":{"line":1,"column":15145},"end":{"line":1,"column":15164}},{"start":{"line":1,"column":15166},"end":{"line":1,"column":15184}},{"start":{"line":1,"column":15187},"end":{"line":1,"column":15199}},{"start":{"line":1,"column":15201},"end":{"line":1,"column":15239}}]},"132":{"line":1,"type":"if","locations":[{"start":{"line":1,"column":15256},"end":{"line":1,"column":15256}},{"start":{"line":1,"column":15256},"end":{"line":1,"column":15256}}]},"133":{"line":1,"type":"cond-expr","locations":[{"start":{"line":1,"column":15323},"end":{"line":1,"column":15354}},{"start":{"line":1,"column":15355},"end":{"line":1,"column":15360}}]},"134":{"line":1,"type":"cond-expr","locations":[{"start":{"line":1,"column":15343},"end":{"line":1,"column":15349}},{"start":{"line":1,"column":15350},"end":{"line":1,"column":15354}}]},"135":{"line":1,"type":"binary-expr","locations":[{"start":{"line":1,"column":15323},"end":{"line":1,"column":15328}},{"start":{"line":1,"column":15330},"end":{"line":1,"column":15342}}]},"136":{"line":1,"type":"if","locations":[{"start":{"line":1,"column":15361},"end":{"line":1,"column":15361}},{"start":{"line":1,"column":15361},"end":{"line":1,"column":15361}}]},"137":{"line":1,"type":"if","locations":[{"start":{"line":1,"column":15434},"end":{"line":1,"column":15434}},{"start":{"line":1,"column":15434},"end":{"line":1,"column":15434}}]},"138":{"line":1,"type":"if","locations":[{"start":{"line":1,"column":15472},"end":{"line":1,"column":15472}},{"start":{"line":1,"column":15472},"end":{"line":1,"column":15472}}]}}},"src\\coverage\\lcov-report\\sorter.js":{"path":"src\\coverage\\lcov-report\\sorter.js","s":{"1":1,"2":1,"3":1,"4":0,"5":1,"6":0,"7":1,"8":0,"9":1,"10":0,"11":1,"12":0,"13":0,"14":0,"15":0,"16":0,"17":0,"18":0,"19":0,"20":0,"21":1,"22":0,"23":0,"24":0,"25":0,"26":0,"27":0,"28":0,"29":0,"30":0,"31":1,"32":0,"33":0,"34":0,"35":1,"36":0,"37":0,"38":0,"39":0,"40":0,"41":0,"42":0,"43":0,"44":0,"45":0,"46":0,"47":0,"48":0,"49":1,"50":0,"51":0,"52":0,"53":1,"54":0,"55":1,"56":0,"57":0,"58":0,"59":0,"60":0,"61":0,"62":0,"63":0,"64":0,"65":0,"66":0,"67":0,"68":0,"69":0,"70":0,"71":0,"72":0,"73":1,"74":0,"75":0,"76":0,"77":0,"78":0,"79":0,"80":1},"b":{"1":[0,0],"2":[0,0],"3":[0,0],"4":[0,0],"5":[0,0],"6":[0,0],"7":[0,0],"8":[0,0],"9":[0,0],"10":[0,0],"11":[0,0]},"f":{"1":1,"2":0,"3":0,"4":0,"5":0,"6":0,"7":0,"8":0,"9":0,"10":0,"11":0,"12":0,"13":0,"14":0,"15":0,"16":0,"17":0},"fnMap":{"1":{"name":"(anonymous_1)","line":1,"loc":{"start":{"line":1,"column":18},"end":{"line":1,"column":30}}},"2":{"name":"getTable","line":10,"loc":{"start":{"line":10,"column":4},"end":{"line":10,"column":24}}},"3":{"name":"getTableHeader","line":12,"loc":{"start":{"line":12,"column":4},"end":{"line":12,"column":30}}},"4":{"name":"getTableBody","line":14,"loc":{"start":{"line":14,"column":4},"end":{"line":14,"column":28}}},"5":{"name":"getNthColumn","line":16,"loc":{"start":{"line":16,"column":4},"end":{"line":16,"column":29}}},"6":{"name":"loadColumns","line":19,"loc":{"start":{"line":19,"column":4},"end":{"line":19,"column":27}}},"7":{"name":"loadRowData","line":43,"loc":{"start":{"line":43,"column":4},"end":{"line":43,"column":35}}},"8":{"name":"loadData","line":62,"loc":{"start":{"line":62,"column":4},"end":{"line":62,"column":24}}},"9":{"name":"sortByIndex","line":71,"loc":{"start":{"line":71,"column":4},"end":{"line":71,"column":38}}},"10":{"name":"(anonymous_10)","line":73,"loc":{"start":{"line":73,"column":21},"end":{"line":73,"column":37}}},"11":{"name":"(anonymous_11)","line":85,"loc":{"start":{"line":85,"column":26},"end":{"line":85,"column":42}}},"12":{"name":"removeSortIndicators","line":102,"loc":{"start":{"line":102,"column":4},"end":{"line":102,"column":36}}},"13":{"name":"addSortIndicators","line":110,"loc":{"start":{"line":110,"column":4},"end":{"line":110,"column":33}}},"14":{"name":"enableUI","line":114,"loc":{"start":{"line":114,"column":4},"end":{"line":114,"column":24}}},"15":{"name":"ithSorter","line":117,"loc":{"start":{"line":117,"column":24},"end":{"line":117,"column":46}}},"16":{"name":"(anonymous_16)","line":120,"loc":{"start":{"line":120,"column":23},"end":{"line":120,"column":35}}},"17":{"name":"(anonymous_17)","line":147,"loc":{"start":{"line":147,"column":11},"end":{"line":147,"column":23}}}},"statementMap":{"1":{"start":{"line":1,"column":0},"end":{"line":156,"column":5}},"2":{"start":{"line":3,"column":4},"end":{"line":7,"column":10}},"3":{"start":{"line":10,"column":4},"end":{"line":10,"column":79}},"4":{"start":{"line":10,"column":26},"end":{"line":10,"column":77}},"5":{"start":{"line":12,"column":4},"end":{"line":12,"column":78}},"6":{"start":{"line":12,"column":32},"end":{"line":12,"column":76}},"7":{"start":{"line":14,"column":4},"end":{"line":14,"column":73}},"8":{"start":{"line":14,"column":30},"end":{"line":14,"column":71}},"9":{"start":{"line":16,"column":4},"end":{"line":16,"column":83}},"10":{"start":{"line":16,"column":31},"end":{"line":16,"column":81}},"11":{"start":{"line":19,"column":4},"end":{"line":40,"column":5}},"12":{"start":{"line":20,"column":8},"end":{"line":24,"column":14}},"13":{"start":{"line":26,"column":8},"end":{"line":38,"column":9}},"14":{"start":{"line":27,"column":12},"end":{"line":27,"column":34}},"15":{"start":{"line":28,"column":12},"end":{"line":32,"column":14}},"16":{"start":{"line":33,"column":12},"end":{"line":33,"column":27}},"17":{"start":{"line":34,"column":12},"end":{"line":37,"column":13}},"18":{"start":{"line":35,"column":16},"end":{"line":35,"column":60}},"19":{"start":{"line":36,"column":16},"end":{"line":36,"column":87}},"20":{"start":{"line":39,"column":8},"end":{"line":39,"column":20}},"21":{"start":{"line":43,"column":4},"end":{"line":60,"column":5}},"22":{"start":{"line":44,"column":8},"end":{"line":49,"column":16}},"23":{"start":{"line":50,"column":8},"end":{"line":58,"column":9}},"24":{"start":{"line":51,"column":12},"end":{"line":51,"column":35}},"25":{"start":{"line":52,"column":12},"end":{"line":52,"column":26}},"26":{"start":{"line":53,"column":12},"end":{"line":53,"column":53}},"27":{"start":{"line":54,"column":12},"end":{"line":56,"column":13}},"28":{"start":{"line":55,"column":16},"end":{"line":55,"column":34}},"29":{"start":{"line":57,"column":12},"end":{"line":57,"column":32}},"30":{"start":{"line":59,"column":8},"end":{"line":59,"column":20}},"31":{"start":{"line":62,"column":4},"end":{"line":69,"column":5}},"32":{"start":{"line":63,"column":8},"end":{"line":64,"column":14}},"33":{"start":{"line":66,"column":8},"end":{"line":68,"column":9}},"34":{"start":{"line":67,"column":12},"end":{"line":67,"column":48}},"35":{"start":{"line":71,"column":4},"end":{"line":100,"column":5}},"36":{"start":{"line":72,"column":8},"end":{"line":82,"column":14}},"37":{"start":{"line":74,"column":16},"end":{"line":74,"column":32}},"38":{"start":{"line":75,"column":16},"end":{"line":75,"column":32}},"39":{"start":{"line":76,"column":16},"end":{"line":76,"column":50}},"40":{"start":{"line":84,"column":8},"end":{"line":88,"column":9}},"41":{"start":{"line":85,"column":12},"end":{"line":87,"column":14}},"42":{"start":{"line":86,"column":16},"end":{"line":86,"column":41}},"43":{"start":{"line":90,"column":8},"end":{"line":93,"column":9}},"44":{"start":{"line":91,"column":12},"end":{"line":91,"column":35}},"45":{"start":{"line":92,"column":12},"end":{"line":92,"column":47}},"46":{"start":{"line":95,"column":8},"end":{"line":95,"column":31}},"47":{"start":{"line":97,"column":8},"end":{"line":99,"column":9}},"48":{"start":{"line":98,"column":12},"end":{"line":98,"column":43}},"49":{"start":{"line":102,"column":4},"end":{"line":108,"column":5}},"50":{"start":{"line":103,"column":8},"end":{"line":104,"column":32}},"51":{"start":{"line":106,"column":8},"end":{"line":106,"column":71}},"52":{"start":{"line":107,"column":8},"end":{"line":107,"column":28}},"53":{"start":{"line":110,"column":4},"end":{"line":112,"column":5}},"54":{"start":{"line":111,"column":8},"end":{"line":111,"column":99}},"55":{"start":{"line":114,"column":4},"end":{"line":145,"column":5}},"56":{"start":{"line":115,"column":8},"end":{"line":132,"column":14}},"57":{"start":{"line":118,"column":16},"end":{"line":118,"column":34}},"58":{"start":{"line":120,"column":16},"end":{"line":131,"column":18}},"59":{"start":{"line":121,"column":20},"end":{"line":121,"column":51}},"60":{"start":{"line":123,"column":20},"end":{"line":125,"column":21}},"61":{"start":{"line":124,"column":24},"end":{"line":124,"column":49}},"62":{"start":{"line":126,"column":20},"end":{"line":126,"column":41}},"63":{"start":{"line":127,"column":20},"end":{"line":127,"column":43}},"64":{"start":{"line":128,"column":20},"end":{"line":128,"column":42}},"65":{"start":{"line":129,"column":20},"end":{"line":129,"column":44}},"66":{"start":{"line":130,"column":20},"end":{"line":130,"column":40}},"67":{"start":{"line":133,"column":8},"end":{"line":144,"column":9}},"68":{"start":{"line":134,"column":12},"end":{"line":143,"column":13}},"69":{"start":{"line":137,"column":16},"end":{"line":137,"column":76}},"70":{"start":{"line":138,"column":16},"end":{"line":142,"column":17}},"71":{"start":{"line":139,"column":20},"end":{"line":139,"column":63}},"72":{"start":{"line":141,"column":20},"end":{"line":141,"column":60}},"73":{"start":{"line":147,"column":4},"end":{"line":155,"column":6}},"74":{"start":{"line":148,"column":8},"end":{"line":150,"column":9}},"75":{"start":{"line":149,"column":12},"end":{"line":149,"column":19}},"76":{"start":{"line":151,"column":8},"end":{"line":151,"column":29}},"77":{"start":{"line":152,"column":8},"end":{"line":152,"column":23}},"78":{"start":{"line":153,"column":8},"end":{"line":153,"column":28}},"79":{"start":{"line":154,"column":8},"end":{"line":154,"column":19}},"80":{"start":{"line":158,"column":0},"end":{"line":158,"column":44}}},"branchMap":{"1":{"line":31,"type":"binary-expr","locations":[{"start":{"line":31,"column":22},"end":{"line":31,"column":55}},{"start":{"line":31,"column":59},"end":{"line":31,"column":67}}]},"2":{"line":34,"type":"if","locations":[{"start":{"line":34,"column":12},"end":{"line":34,"column":12}},{"start":{"line":34,"column":12},"end":{"line":34,"column":12}}]},"3":{"line":54,"type":"if","locations":[{"start":{"line":54,"column":12},"end":{"line":54,"column":12}},{"start":{"line":54,"column":12},"end":{"line":54,"column":12}}]},"4":{"line":76,"type":"cond-expr","locations":[{"start":{"line":76,"column":31},"end":{"line":76,"column":33}},{"start":{"line":76,"column":36},"end":{"line":76,"column":49}}]},"5":{"line":76,"type":"cond-expr","locations":[{"start":{"line":76,"column":44},"end":{"line":76,"column":45}},{"start":{"line":76,"column":48},"end":{"line":76,"column":49}}]},"6":{"line":84,"type":"if","locations":[{"start":{"line":84,"column":8},"end":{"line":84,"column":8}},{"start":{"line":84,"column":8},"end":{"line":84,"column":8}}]},"7":{"line":111,"type":"cond-expr","locations":[{"start":{"line":111,"column":72},"end":{"line":111,"column":86}},{"start":{"line":111,"column":89},"end":{"line":111,"column":98}}]},"8":{"line":123,"type":"if","locations":[{"start":{"line":123,"column":20},"end":{"line":123,"column":20}},{"start":{"line":123,"column":20},"end":{"line":123,"column":20}}]},"9":{"line":134,"type":"if","locations":[{"start":{"line":134,"column":12},"end":{"line":134,"column":12}},{"start":{"line":134,"column":12},"end":{"line":134,"column":12}}]},"10":{"line":138,"type":"if","locations":[{"start":{"line":138,"column":16},"end":{"line":138,"column":16}},{"start":{"line":138,"column":16},"end":{"line":138,"column":16}}]},"11":{"line":148,"type":"if","locations":[{"start":{"line":148,"column":8},"end":{"line":148,"column":8}},{"start":{"line":148,"column":8},"end":{"line":148,"column":8}}]}}},"src\\j\\main.js":{"path":"src\\j\\main.js","s":{"1":1,"2":0,"3":1,"4":0,"5":1,"6":0,"7":1,"8":0},"b":{},"f":{"1":0,"2":0,"3":0,"4":0},"fnMap":{"1":{"name":"sum","line":3,"loc":{"start":{"line":3,"column":0},"end":{"line":3,"column":20}}},"2":{"name":"sub","line":7,"loc":{"start":{"line":7,"column":0},"end":{"line":7,"column":20}}},"3":{"name":"devide","line":12,"loc":{"start":{"line":12,"column":0},"end":{"line":12,"column":23}}},"4":{"name":"multiply","line":16,"loc":{"start":{"line":16,"column":0},"end":{"line":16,"column":25}}}},"statementMap":{"1":{"start":{"line":3,"column":0},"end":{"line":5,"column":1}},"2":{"start":{"line":4,"column":4},"end":{"line":4,"column":18}},"3":{"start":{"line":7,"column":0},"end":{"line":9,"column":1}},"4":{"start":{"line":8,"column":4},"end":{"line":8,"column":18}},"5":{"start":{"line":12,"column":0},"end":{"line":14,"column":1}},"6":{"start":{"line":13,"column":4},"end":{"line":13,"column":16}},"7":{"start":{"line":16,"column":0},"end":{"line":18,"column":1}},"8":{"start":{"line":17,"column":4},"end":{"line":17,"column":15}}},"branchMap":{}}}