TN:
SF:src\coverage\lcov-report\prettify.js
FN:1,(anonymous_1)
FN:1,k
FN:1,ab
FN:1,T
FN:1,X
FN:1,(anonymous_6)
FN:1,W
FN:1,(anonymous_8)
FN:1,a
FN:1,aa
FN:1,B
FN:1,o
FN:1,g
FN:1,(anonymous_14)
FN:1,(anonymous_15)
FN:1,i
FN:1,Q
FN:1,ae
FN:1,ad
FN:1,ai
FN:1,D
FN:1,c
FN:1,q
FN:1,d
FN:1,y
FN:1,b
FN:1,Y
FN:1,(anonymous_28)
FN:1,U
FNF:29
FNH:12
FNDA:1,(anonymous_1)
FNDA:19,k
FNDA:330,ab
FNDA:440,T
FNDA:77,X
FNDA:407,(anonymous_6)
FNDA:202,W
FNDA:22,(anonymous_8)
FNDA:0,a
FNDA:0,aa
FNDA:0,B
FNDA:0,o
FNDA:19,g
FNDA:19,(anonymous_14)
FNDA:0,(anonymous_15)
FNDA:11,i
FNDA:0,Q
FNDA:0,ae
FNDA:0,ad
FNDA:0,ai
FNDA:0,D
FNDA:19,c
FNDA:0,q
FNDA:0,d
FNDA:0,y
FNDA:0,b
FNDA:0,Y
FNDA:0,(anonymous_28)
FNDA:0,U
DA:1,2729
LF:1
LH:1
BRDA:1,1,0,24
BRDA:1,1,1,75
BRDA:1,2,0,11
BRDA:1,2,1,64
BRDA:1,3,0,319
BRDA:1,3,1,11
BRDA:1,4,0,0
BRDA:1,4,1,11
BRDA:1,5,0,0
BRDA:1,5,1,11
BRDA:1,6,0,11
BRDA:1,6,1,0
BRDA:1,7,0,0
BRDA:1,7,1,11
BRDA:1,8,0,11
BRDA:1,8,1,11
BRDA:1,9,0,0
BRDA:1,9,1,440
BRDA:1,10,0,0
BRDA:1,10,1,0
BRDA:1,11,0,11
BRDA:1,11,1,429
BRDA:1,12,0,440
BRDA:1,12,1,440
BRDA:1,12,2,429
BRDA:1,12,3,429
BRDA:1,13,0,0
BRDA:1,13,1,231
BRDA:1,14,0,99
BRDA:1,14,1,132
BRDA:1,15,0,231
BRDA:1,15,1,165
BRDA:1,16,0,110
BRDA:1,16,1,121
BRDA:1,17,0,231
BRDA:1,17,1,110
BRDA:1,18,0,0
BRDA:1,18,1,110
BRDA:1,19,0,110
BRDA:1,19,1,110
BRDA:1,20,0,66
BRDA:1,20,1,44
BRDA:1,21,0,110
BRDA:1,21,1,66
BRDA:1,22,0,407
BRDA:1,22,1,0
BRDA:1,23,0,22
BRDA:1,23,1,275
BRDA:1,24,0,0
BRDA:1,24,1,77
BRDA:1,25,0,165
BRDA:1,25,1,110
BRDA:1,26,0,165
BRDA:1,26,1,0
BRDA:1,27,0,44
BRDA:1,27,1,2685
BRDA:1,28,0,654
BRDA:1,28,1,2031
BRDA:1,29,0,0
BRDA:1,29,1,654
BRDA:1,30,0,654
BRDA:1,30,1,0
BRDA:1,31,0,0
BRDA:1,31,1,0
BRDA:1,32,0,44
BRDA:1,32,1,2685
BRDA:1,33,0,44
BRDA:1,33,1,0
BRDA:1,34,0,654
BRDA:1,34,1,2031
BRDA:1,35,0,0
BRDA:1,35,1,654
BRDA:1,36,0,654
BRDA:1,36,1,0
BRDA:1,37,0,188
BRDA:1,37,1,2541
BRDA:1,38,0,2729
BRDA:1,38,1,194
BRDA:1,39,0,33
BRDA:1,39,1,169
BRDA:1,40,0,202
BRDA:1,40,1,57
BRDA:1,41,0,77
BRDA:1,41,1,418
BRDA:1,42,0,495
BRDA:1,42,1,264
BRDA:1,43,0,319
BRDA:1,43,1,99
BRDA:1,44,0,0
BRDA:1,44,1,202
BRDA:1,45,0,202
BRDA:1,45,1,202
BRDA:1,46,0,5
BRDA:1,46,1,14
BRDA:1,47,0,0
BRDA:1,47,1,0
BRDA:1,48,0,0
BRDA:1,48,1,0
BRDA:1,49,0,0
BRDA:1,49,1,0
BRDA:1,50,0,0
BRDA:1,50,1,0
BRDA:1,50,2,0
BRDA:1,51,0,0
BRDA:1,51,1,0
BRDA:1,52,0,0
BRDA:1,52,1,0
BRDA:1,53,0,0
BRDA:1,53,1,0
BRDA:1,54,0,0
BRDA:1,54,1,0
BRDA:1,55,0,0
BRDA:1,55,1,0
BRDA:1,56,0,0
BRDA:1,56,1,0
BRDA:1,57,0,0
BRDA:1,57,1,0
BRDA:1,58,0,0
BRDA:1,58,1,0
BRDA:1,59,0,0
BRDA:1,59,1,0
BRDA:1,60,0,0
BRDA:1,60,1,0
BRDA:1,61,0,0
BRDA:1,61,1,0
BRDA:1,62,0,44
BRDA:1,62,1,139
BRDA:1,63,0,183
BRDA:1,63,1,0
BRDA:1,64,0,0
BRDA:1,64,1,0
BRDA:1,65,0,0
BRDA:1,65,1,0
BRDA:1,66,0,0
BRDA:1,66,1,0
BRDA:1,67,0,0
BRDA:1,67,1,0
BRDA:1,68,0,0
BRDA:1,68,1,0
BRDA:1,69,0,0
BRDA:1,69,1,0
BRDA:1,70,0,0
BRDA:1,70,1,0
BRDA:1,71,0,0
BRDA:1,71,1,0
BRDA:1,72,0,0
BRDA:1,72,1,0
BRDA:1,73,0,0
BRDA:1,73,1,0
BRDA:1,74,0,0
BRDA:1,74,1,0
BRDA:1,75,0,0
BRDA:1,75,1,0
BRDA:1,76,0,2
BRDA:1,76,1,9
BRDA:1,77,0,4
BRDA:1,77,1,5
BRDA:1,78,0,1
BRDA:1,78,1,10
BRDA:1,79,0,8
BRDA:1,79,1,3
BRDA:1,80,0,4
BRDA:1,80,1,4
BRDA:1,81,0,1
BRDA:1,81,1,3
BRDA:1,82,0,6
BRDA:1,82,1,5
BRDA:1,83,0,5
BRDA:1,83,1,6
BRDA:1,84,0,2
BRDA:1,84,1,9
BRDA:1,85,0,11
BRDA:1,85,1,0
BRDA:1,86,0,0
BRDA:1,86,1,0
BRDA:1,87,0,0
BRDA:1,87,1,0
BRDA:1,88,0,0
BRDA:1,88,1,0
BRDA:1,89,0,0
BRDA:1,89,1,0
BRDA:1,89,2,0
BRDA:1,90,0,0
BRDA:1,90,1,0
BRDA:1,91,0,0
BRDA:1,91,1,0
BRDA:1,92,0,0
BRDA:1,92,1,0
BRDA:1,93,0,0
BRDA:1,93,1,0
BRDA:1,94,0,0
BRDA:1,94,1,0
BRDA:1,95,0,0
BRDA:1,95,1,0
BRDA:1,96,0,0
BRDA:1,96,1,0
BRDA:1,97,0,0
BRDA:1,97,1,0
BRDA:1,98,0,0
BRDA:1,98,1,0
BRDA:1,99,0,0
BRDA:1,99,1,0
BRDA:1,100,0,0
BRDA:1,100,1,0
BRDA:1,101,0,0
BRDA:1,101,1,0
BRDA:1,102,0,0
BRDA:1,102,1,0
BRDA:1,103,0,0
BRDA:1,103,1,0
BRDA:1,104,0,0
BRDA:1,104,1,0
BRDA:1,105,0,0
BRDA:1,105,1,0
BRDA:1,106,0,0
BRDA:1,106,1,0
BRDA:1,107,0,0
BRDA:1,107,1,0
BRDA:1,108,0,0
BRDA:1,108,1,0
BRDA:1,109,0,0
BRDA:1,109,1,0
BRDA:1,110,0,0
BRDA:1,110,1,0
BRDA:1,111,0,0
BRDA:1,111,1,0
BRDA:1,112,0,0
BRDA:1,112,1,0
BRDA:1,113,0,0
BRDA:1,113,1,0
BRDA:1,114,0,36
BRDA:1,114,1,0
BRDA:1,115,0,0
BRDA:1,115,1,0
BRDA:1,116,0,0
BRDA:1,116,1,0
BRDA:1,117,0,0
BRDA:1,117,1,0
BRDA:1,118,0,0
BRDA:1,118,1,0
BRDA:1,119,0,0
BRDA:1,119,1,0
BRDA:1,120,0,0
BRDA:1,120,1,0
BRDA:1,121,0,0
BRDA:1,121,1,0
BRDA:1,122,0,0
BRDA:1,122,1,0
BRDA:1,123,0,0
BRDA:1,123,1,0
BRDA:1,124,0,0
BRDA:1,124,1,0
BRDA:1,125,0,0
BRDA:1,125,1,0
BRDA:1,126,0,0
BRDA:1,126,1,0
BRDA:1,127,0,0
BRDA:1,127,1,0
BRDA:1,128,0,0
BRDA:1,128,1,0
BRDA:1,128,2,0
BRDA:1,129,0,0
BRDA:1,129,1,0
BRDA:1,130,0,0
BRDA:1,130,1,0
BRDA:1,131,0,0
BRDA:1,131,1,0
BRDA:1,131,2,0
BRDA:1,131,3,0
BRDA:1,131,4,0
BRDA:1,132,0,0
BRDA:1,132,1,0
BRDA:1,133,0,0
BRDA:1,133,1,0
BRDA:1,134,0,0
BRDA:1,134,1,0
BRDA:1,135,0,0
BRDA:1,135,1,0
BRDA:1,136,0,0
BRDA:1,136,1,0
BRDA:1,137,0,0
BRDA:1,137,1,0
BRDA:1,138,0,0
BRDA:1,138,1,0
BRF:284
BRH:97
end_of_record
TN:
SF:src\coverage\lcov-report\sorter.js
FN:1,(anonymous_1)
FN:10,getTable
FN:12,getTableHeader
FN:14,getTableBody
FN:16,getNthColumn
FN:19,loadColumns
FN:43,loadRowData
FN:62,loadData
FN:71,sortByIndex
FN:73,(anonymous_10)
FN:85,(anonymous_11)
FN:102,removeSortIndicators
FN:110,addSortIndicators
FN:114,enableUI
FN:117,ithSorter
FN:120,(anonymous_16)
FN:147,(anonymous_17)
FNF:17
FNH:1
FNDA:1,(anonymous_1)
FNDA:0,getTable
FNDA:0,getTableHeader
FNDA:0,getTableBody
FNDA:0,getNthColumn
FNDA:0,loadColumns
FNDA:0,loadRowData
FNDA:0,loadData
FNDA:0,sortByIndex
FNDA:0,(anonymous_10)
FNDA:0,(anonymous_11)
FNDA:0,removeSortIndicators
FNDA:0,addSortIndicators
FNDA:0,enableUI
FNDA:0,ithSorter
FNDA:0,(anonymous_16)
FNDA:0,(anonymous_17)
DA:1,1
DA:3,1
DA:10,1
DA:12,1
DA:14,1
DA:16,1
DA:19,1
DA:20,0
DA:26,0
DA:27,0
DA:28,0
DA:33,0
DA:34,0
DA:35,0
DA:36,0
DA:39,0
DA:43,1
DA:44,0
DA:50,0
DA:51,0
DA:52,0
DA:53,0
DA:54,0
DA:55,0
DA:57,0
DA:59,0
DA:62,1
DA:63,0
DA:66,0
DA:67,0
DA:71,1
DA:72,0
DA:74,0
DA:75,0
DA:76,0
DA:84,0
DA:85,0
DA:86,0
DA:90,0
DA:91,0
DA:92,0
DA:95,0
DA:97,0
DA:98,0
DA:102,1
DA:103,0
DA:106,0
DA:107,0
DA:110,1
DA:111,0
DA:114,1
DA:115,0
DA:118,0
DA:120,0
DA:121,0
DA:123,0
DA:124,0
DA:126,0
DA:127,0
DA:128,0
DA:129,0
DA:130,0
DA:133,0
DA:134,0
DA:137,0
DA:138,0
DA:139,0
DA:141,0
DA:147,1
DA:148,0
DA:149,0
DA:151,0
DA:152,0
DA:153,0
DA:154,0
DA:158,1
LF:76
LH:15
BRDA:31,1,0,0
BRDA:31,1,1,0
BRDA:34,2,0,0
BRDA:34,2,1,0
BRDA:54,3,0,0
BRDA:54,3,1,0
BRDA:76,4,0,0
BRDA:76,4,1,0
BRDA:76,5,0,0
BRDA:76,5,1,0
BRDA:84,6,0,0
BRDA:84,6,1,0
BRDA:111,7,0,0
BRDA:111,7,1,0
BRDA:123,8,0,0
BRDA:123,8,1,0
BRDA:134,9,0,0
BRDA:134,9,1,0
BRDA:138,10,0,0
BRDA:138,10,1,0
BRDA:148,11,0,0
BRDA:148,11,1,0
BRF:22
BRH:0
end_of_record
TN:
SF:src\j\main.js
FN:3,sum
FN:7,sub
FN:12,devide
FN:16,multiply
FNF:4
FNH:0
FNDA:0,sum
FNDA:0,sub
FNDA:0,devide
FNDA:0,multiply
DA:3,1
DA:4,0
DA:7,1
DA:8,0
DA:12,1
DA:13,0
DA:16,1
DA:17,0
LF:8
LH:4
BRF:0
BRH:0
end_of_record
